<?xml version="1.0" encoding="UTF-8" standalone="yes"?><!DOCTYPE report PUBLIC "-//JACOCO//DTD Report 1.1//EN" "report.dtd"><report name="Hadoop Arrow Flight SQL Server"><sessioninfo id="runnervm3jd5f-ec2bc9ca" start="1784880677703" dump="1784880689232"/><package name="net/surpin/data/arrowflight/client/spark/read"><class name="net/surpin/data/arrowflight/client/spark/read/FlightInputPartition" sourcefilename="FlightInputPartition.java"><method name="&lt;init&gt;" desc="(Lorg/apache/arrow/vector/types/pojo/Schema;)V" line="109"><counter type="INSTRUCTION" missed="0" covered="7"/><counter type="LINE" missed="0" covered="3"/><counter type="COMPLEXITY" missed="0" covered="1"/><counter type="METHOD" missed="0" covered="1"/></method><method name="getSchema" desc="()Lorg/apache/arrow/vector/types/pojo/Schema;" line="119"><counter type="INSTRUCTION" missed="0" covered="4"/><counter type="LINE" missed="0" covered="1"/><counter type="COMPLEXITY" missed="0" covered="1"/><counter type="METHOD" missed="0" covered="1"/></method><method name="&lt;clinit&gt;" desc="()V" line="19"><counter type="INSTRUCTION" missed="0" covered="4"/><counter type="LINE" missed="0" covered="1"/><counter type="COMPLEXITY" missed="0" covered="1"/><counter type="METHOD" missed="0" covered="1"/></method><counter type="INSTRUCTION" missed="0" covered="15"/><counter type="LINE" missed="0" covered="5"/><counter type="COMPLEXITY" missed="0" covered="3"/><counter type="METHOD" missed="0" covered="3"/><counter type="CLASS" missed="0" covered="1"/></class><class name="net/surpin/data/arrowflight/client/spark/read/FlightPartitionReaderFactory" sourcefilename="FlightPartitionReaderFactory.java"><method name="&lt;init&gt;" desc="(Lnet/surpin/data/arrowflight/client/Configuration;)V" line="31"><counter type="INSTRUCTION" missed="0" covered="6"/><counter type="LINE" missed="0" covered="3"/><counter type="COMPLEXITY" missed="0" covered="1"/><counter type="METHOD" missed="0" covered="1"/></method><method name="createReader" desc="(Lorg/apache/spark/sql/connector/read/InputPartition;)Lorg/apache/spark/sql/connector/read/PartitionReader;" line="42"><counter type="INSTRUCTION" missed="13" covered="0"/><counter type="LINE" missed="2" covered="0"/><counter type="COMPLEXITY" missed="1" covered="0"/><counter type="METHOD" missed="1" covered="0"/></method><method name="supportColumnarReads" desc="(Lorg/apache/spark/sql/connector/read/InputPartition;)Z" line="48"><counter type="INSTRUCTION" missed="8" covered="18"/><counter type="BRANCH" missed="0" covered="2"/><counter type="LINE" missed="4" covered="5"/><counter type="COMPLEXITY" missed="0" covered="2"/><counter type="METHOD" missed="0" covered="1"/></method><method name="createColumnarReader" desc="(Lorg/apache/spark/sql/connector/read/InputPartition;)Lorg/apache/spark/sql/connector/read/PartitionReader;" line="64"><counter type="INSTRUCTION" missed="13" covered="0"/><counter type="LINE" missed="2" covered="0"/><counter type="COMPLEXITY" missed="1" covered="0"/><counter type="METHOD" missed="1" covered="0"/></method><method name="isColumnarType" desc="(Lorg/apache/arrow/vector/types/pojo/Field;)Z" line="74"><counter type="INSTRUCTION" missed="25" covered="71"/><counter type="BRANCH" missed="18" covered="16"/><counter type="LINE" missed="4" covered="14"/><counter type="COMPLEXITY" missed="15" covered="5"/><counter type="METHOD" missed="0" covered="1"/></method><method name="&lt;clinit&gt;" desc="()V" line="23"><counter type="INSTRUCTION" missed="0" covered="4"/><counter type="LINE" missed="0" covered="1"/><counter type="COMPLEXITY" missed="0" covered="1"/><counter type="METHOD" missed="0" covered="1"/></method><counter type="INSTRUCTION" missed="59" covered="99"/><counter type="BRANCH" missed="18" covered="18"/><counter type="LINE" missed="12" covered="23"/><counter type="COMPLEXITY" missed="17" covered="9"/><counter type="METHOD" missed="2" covered="4"/><counter type="CLASS" missed="0" covered="1"/></class><class name="net/surpin/data/arrowflight/client/spark/read/FlightInputPartition$FlightQueryInputPartition" sourcefilename="FlightInputPartition.java"><method name="&lt;init&gt;" desc="(Lorg/apache/arrow/vector/types/pojo/Schema;Ljava/lang/String;)V" line="89"><counter type="INSTRUCTION" missed="0" covered="7"/><counter type="LINE" missed="0" covered="3"/><counter type="COMPLEXITY" missed="0" covered="1"/><counter type="METHOD" missed="0" covered="1"/></method><method name="getQuery" desc="()Ljava/lang/String;" line="98"><counter type="INSTRUCTION" missed="3" covered="0"/><counter type="LINE" missed="1" covered="0"/><counter type="COMPLEXITY" missed="1" covered="0"/><counter type="METHOD" missed="1" covered="0"/></method><counter type="INSTRUCTION" missed="3" covered="7"/><counter type="LINE" missed="1" covered="3"/><counter type="COMPLEXITY" missed="1" covered="1"/><counter type="METHOD" missed="1" covered="1"/><counter type="CLASS" missed="0" covered="1"/></class><class name="net/surpin/data/arrowflight/client/spark/read/FlightPartitionReader" sourcefilename="FlightPartitionReader.java"><method name="&lt;init&gt;" desc="(Lnet/surpin/data/arrowflight/client/Configuration;Lorg/apache/spark/sql/connector/read/InputPartition;)V" line="68"><counter type="INSTRUCTION" missed="53" covered="0"/><counter type="LINE" missed="14" covered="0"/><counter type="COMPLEXITY" missed="1" covered="0"/><counter type="METHOD" missed="1" covered="0"/></method><method name="&lt;init&gt;" desc="(Lorg/apache/arrow/flight/FlightStream;Lorg/apache/arrow/vector/VectorSchemaRoot;Lorg/apache/arrow/vector/types/pojo/Schema;)V" line="68"><counter type="INSTRUCTION" missed="54" covered="0"/><counter type="LINE" missed="18" covered="0"/><counter type="COMPLEXITY" missed="1" covered="0"/><counter type="METHOD" missed="1" covered="0"/></method><method name="&lt;init&gt;" desc="(Lnet/surpin/data/arrowflight/client/Client;Lnet/surpin/data/arrowflight/client/Configuration;Lorg/apache/spark/sql/connector/read/InputPartition;)V" line="68"><counter type="INSTRUCTION" missed="33" covered="0"/><counter type="LINE" missed="12" covered="0"/><counter type="COMPLEXITY" missed="1" covered="0"/><counter type="METHOD" missed="1" covered="0"/></method><method name="next" desc="()Z" line="122"><counter type="INSTRUCTION" missed="266" covered="0"/><counter type="BRANCH" missed="16" covered="0"/><counter type="LINE" missed="49" covered="0"/><counter type="COMPLEXITY" missed="9" covered="0"/><counter type="METHOD" missed="1" covered="0"/></method><method name="nextBatch" desc="()Z" line="204"><counter type="INSTRUCTION" missed="207" covered="0"/><counter type="BRANCH" missed="14" covered="0"/><counter type="LINE" missed="35" covered="0"/><counter type="COMPLEXITY" missed="8" covered="0"/><counter type="METHOD" missed="1" covered="0"/></method><method name="currentBatch" desc="()Lorg/apache/arrow/vector/VectorSchemaRoot;" line="258"><counter type="INSTRUCTION" missed="17" covered="0"/><counter type="BRANCH" missed="6" covered="0"/><counter type="LINE" missed="3" covered="0"/><counter type="COMPLEXITY" missed="4" covered="0"/><counter type="METHOD" missed="1" covered="0"/></method><method name="get" desc="()Lorg/apache/spark/sql/catalyst/InternalRow;" line="266"><counter type="INSTRUCTION" missed="63" covered="0"/><counter type="BRANCH" missed="10" covered="0"/><counter type="LINE" missed="10" covered="0"/><counter type="COMPLEXITY" missed="6" covered="0"/><counter type="METHOD" missed="1" covered="0"/></method><method name="close" desc="()V" line="286"><counter type="INSTRUCTION" missed="3" covered="0"/><counter type="LINE" missed="2" covered="0"/><counter type="COMPLEXITY" missed="1" covered="0"/><counter type="METHOD" missed="1" covered="0"/></method><method name="openStream" desc="()Z" line="295"><counter type="INSTRUCTION" missed="27" covered="0"/><counter type="BRANCH" missed="4" covered="0"/><counter type="LINE" missed="6" covered="0"/><counter type="COMPLEXITY" missed="3" covered="0"/><counter type="METHOD" missed="1" covered="0"/></method><method name="openEndpointStreamWithRetry" desc="(Lnet/surpin/data/arrowflight/client/spark/read/FlightInputPartition$FlightEndpointInputPartition;)Z" line="312"><counter type="INSTRUCTION" missed="64" covered="0"/><counter type="BRANCH" missed="4" covered="0"/><counter type="LINE" missed="13" covered="0"/><counter type="COMPLEXITY" missed="3" covered="0"/><counter type="METHOD" missed="1" covered="0"/></method><method name="openQueryStreamWithRetry" desc="(Lnet/surpin/data/arrowflight/client/spark/read/FlightInputPartition$FlightQueryInputPartition;)Z" line="339"><counter type="INSTRUCTION" missed="138" covered="0"/><counter type="BRANCH" missed="14" covered="0"/><counter type="LINE" missed="30" covered="0"/><counter type="COMPLEXITY" missed="8" covered="0"/><counter type="METHOD" missed="1" covered="0"/></method><method name="openSingleEndpoint" desc="(Lnet/surpin/data/arrowflight/client/query/Endpoint;Lorg/apache/arrow/vector/types/pojo/Schema;)Z" line="392"><counter type="INSTRUCTION" missed="58" covered="0"/><counter type="BRANCH" missed="4" covered="0"/><counter type="LINE" missed="14" covered="0"/><counter type="COMPLEXITY" missed="3" covered="0"/><counter type="METHOD" missed="1" covered="0"/></method><method name="reopenStream" desc="()Z" line="417"><counter type="INSTRUCTION" missed="68" covered="0"/><counter type="BRANCH" missed="2" covered="0"/><counter type="LINE" missed="17" covered="0"/><counter type="COMPLEXITY" missed="2" covered="0"/><counter type="METHOD" missed="1" covered="0"/></method><method name="openEndpointStream" desc="(Lnet/surpin/data/arrowflight/client/spark/read/FlightInputPartition$FlightEndpointInputPartition;)Z" line="447"><counter type="INSTRUCTION" missed="103" covered="0"/><counter type="BRANCH" missed="2" covered="0"/><counter type="LINE" missed="21" covered="0"/><counter type="COMPLEXITY" missed="2" covered="0"/><counter type="METHOD" missed="1" covered="0"/></method><method name="closeStream" desc="()V" line="483"><counter type="INSTRUCTION" missed="36" covered="0"/><counter type="BRANCH" missed="2" covered="0"/><counter type="LINE" missed="12" covered="0"/><counter type="COMPLEXITY" missed="2" covered="0"/><counter type="METHOD" missed="1" covered="0"/></method><method name="getValue" desc="(Lorg/apache/arrow/vector/FieldVector;ILnet/surpin/data/arrowflight/client/model/Field;)Ljava/lang/Object;" line="508"><counter type="INSTRUCTION" missed="112" covered="0"/><counter type="BRANCH" missed="28" covered="0"/><counter type="LINE" missed="37" covered="0"/><counter type="COMPLEXITY" missed="15" covered="0"/><counter type="METHOD" missed="1" covered="0"/></method><method name="extractInt" desc="(Lorg/apache/arrow/vector/FieldVector;ILnet/surpin/data/arrowflight/client/model/Field;)Ljava/lang/Object;" line="564"><counter type="INSTRUCTION" missed="109" covered="0"/><counter type="BRANCH" missed="25" covered="0"/><counter type="LINE" missed="26" covered="0"/><counter type="COMPLEXITY" missed="16" covered="0"/><counter type="METHOD" missed="1" covered="0"/></method><method name="extractFloat" desc="(Lorg/apache/arrow/vector/FieldVector;I)Ljava/lang/Object;" line="607"><counter type="INSTRUCTION" missed="24" covered="0"/><counter type="BRANCH" missed="4" covered="0"/><counter type="LINE" missed="5" covered="0"/><counter type="COMPLEXITY" missed="3" covered="0"/><counter type="METHOD" missed="1" covered="0"/></method><method name="extractDecimal" desc="(Lorg/apache/arrow/vector/FieldVector;ILnet/surpin/data/arrowflight/client/model/Field;)Ljava/lang/Object;" line="618"><counter type="INSTRUCTION" missed="26" covered="0"/><counter type="BRANCH" missed="4" covered="0"/><counter type="LINE" missed="5" covered="0"/><counter type="COMPLEXITY" missed="3" covered="0"/><counter type="METHOD" missed="1" covered="0"/></method><method name="extractString" desc="(Lorg/apache/arrow/vector/FieldVector;I)Ljava/lang/Object;" line="629"><counter type="INSTRUCTION" missed="26" covered="0"/><counter type="BRANCH" missed="4" covered="0"/><counter type="LINE" missed="5" covered="0"/><counter type="COMPLEXITY" missed="3" covered="0"/><counter type="METHOD" missed="1" covered="0"/></method><method name="extractDate" desc="(Lorg/apache/arrow/vector/FieldVector;I)Ljava/lang/Object;" line="640"><counter type="INSTRUCTION" missed="27" covered="0"/><counter type="BRANCH" missed="4" covered="0"/><counter type="LINE" missed="5" covered="0"/><counter type="COMPLEXITY" missed="3" covered="0"/><counter type="METHOD" missed="1" covered="0"/></method><method name="extractTime" desc="(Lorg/apache/arrow/vector/FieldVector;I)Ljava/lang/Object;" line="651"><counter type="INSTRUCTION" missed="46" covered="0"/><counter type="BRANCH" missed="8" covered="0"/><counter type="LINE" missed="9" covered="0"/><counter type="COMPLEXITY" missed="5" covered="0"/><counter type="METHOD" missed="1" covered="0"/></method><method name="extractTimestamp" desc="(Lorg/apache/arrow/vector/FieldVector;I)Ljava/lang/Object;" line="668"><counter type="INSTRUCTION" missed="102" covered="0"/><counter type="BRANCH" missed="16" covered="0"/><counter type="LINE" missed="17" covered="0"/><counter type="COMPLEXITY" missed="9" covered="0"/><counter type="METHOD" missed="1" covered="0"/></method><method name="extractBinary" desc="(Lorg/apache/arrow/vector/FieldVector;I)Ljava/lang/Object;" line="697"><counter type="INSTRUCTION" missed="32" covered="0"/><counter type="BRANCH" missed="6" covered="0"/><counter type="LINE" missed="7" covered="0"/><counter type="COMPLEXITY" missed="4" covered="0"/><counter type="METHOD" missed="1" covered="0"/></method><method name="extractUInt" desc="(Lorg/apache/arrow/vector/FieldVector;I)Ljava/lang/Object;" line="711"><counter type="INSTRUCTION" missed="46" covered="0"/><counter type="BRANCH" missed="8" covered="0"/><counter type="LINE" missed="9" covered="0"/><counter type="COMPLEXITY" missed="5" covered="0"/><counter type="METHOD" missed="1" covered="0"/></method><method name="extractInterval" desc="(Lorg/apache/arrow/vector/FieldVector;I)Ljava/lang/Object;" line="728"><counter type="INSTRUCTION" missed="33" covered="0"/><counter type="BRANCH" missed="6" covered="0"/><counter type="LINE" missed="7" covered="0"/><counter type="COMPLEXITY" missed="4" covered="0"/><counter type="METHOD" missed="1" covered="0"/></method><method name="toSparkDecimal" desc="(Ljava/math/BigDecimal;Lnet/surpin/data/arrowflight/client/model/Field;)Lorg/apache/spark/sql/types/Decimal;" line="741"><counter type="INSTRUCTION" missed="25" covered="0"/><counter type="BRANCH" missed="6" covered="0"/><counter type="LINE" missed="5" covered="0"/><counter type="COMPLEXITY" missed="4" covered="0"/><counter type="METHOD" missed="1" covered="0"/></method><method name="elapsedNanos" desc="(J)Ljava/lang/String;" line="754"><counter type="INSTRUCTION" missed="3" covered="0"/><counter type="LINE" missed="1" covered="0"/><counter type="COMPLEXITY" missed="1" covered="0"/><counter type="METHOD" missed="1" covered="0"/></method><method name="bytesToHex" desc="([B)Ljava/lang/String;" line="761"><counter type="INSTRUCTION" missed="51" covered="0"/><counter type="BRANCH" missed="8" covered="0"/><counter type="LINE" missed="9" covered="0"/><counter type="COMPLEXITY" missed="5" covered="0"/><counter type="METHOD" missed="1" covered="0"/></method><method name="lambda$openEndpointStream$1" desc="(I)[Lorg/apache/arrow/flight/Location;" line="458"><counter type="INSTRUCTION" missed="3" covered="0"/><counter type="LINE" missed="1" covered="0"/><counter type="COMPLEXITY" missed="1" covered="0"/><counter type="METHOD" missed="1" covered="0"/></method><method name="lambda$openSingleEndpoint$0" desc="(I)[Lorg/apache/arrow/flight/Location;" line="396"><counter type="INSTRUCTION" missed="3" covered="0"/><counter type="LINE" missed="1" covered="0"/><counter type="COMPLEXITY" missed="1" covered="0"/><counter type="METHOD" missed="1" covered="0"/></method><method name="&lt;clinit&gt;" desc="()V" line="38"><counter type="INSTRUCTION" missed="13" covered="0"/><counter type="LINE" missed="7" covered="0"/><counter type="COMPLEXITY" missed="1" covered="0"/><counter type="METHOD" missed="1" covered="0"/></method><counter type="INSTRUCTION" missed="1871" covered="0"/><counter type="BRANCH" missed="205" covered="0"/><counter type="LINE" missed="396" covered="0"/><counter type="COMPLEXITY" missed="137" covered="0"/><counter type="METHOD" missed="32" covered="0"/><counter type="CLASS" missed="1" covered="0"/></class><class name="net/surpin/data/arrowflight/client/spark/read/FlightArrowColumnVector$1" sourcefilename="FlightArrowColumnVector.java"/><class name="net/surpin/data/arrowflight/client/spark/read/FlightBatch" sourcefilename="FlightBatch.java"><method name="&lt;init&gt;" desc="(Lnet/surpin/data/arrowflight/client/Configuration;Lnet/surpin/data/arrowflight/client/model/Table;)V" line="27"><counter type="INSTRUCTION" missed="15" covered="0"/><counter type="LINE" missed="5" covered="0"/><counter type="COMPLEXITY" missed="1" covered="0"/><counter type="METHOD" missed="1" covered="0"/></method><method name="planInputPartitions" desc="()[Lorg/apache/spark/sql/connector/read/InputPartition;" line="39"><counter type="INSTRUCTION" missed="59" covered="0"/><counter type="BRANCH" missed="2" covered="0"/><counter type="LINE" missed="8" covered="0"/><counter type="COMPLEXITY" missed="2" covered="0"/><counter type="METHOD" missed="1" covered="0"/></method><method name="createReaderFactory" desc="()Lorg/apache/spark/sql/connector/read/PartitionReaderFactory;" line="57"><counter type="INSTRUCTION" missed="12" covered="0"/><counter type="LINE" missed="2" covered="0"/><counter type="COMPLEXITY" missed="1" covered="0"/><counter type="METHOD" missed="1" covered="0"/></method><method name="lambda$planInputPartitions$3" desc="(I)[Lorg/apache/spark/sql/connector/read/InputPartition;" line="47"><counter type="INSTRUCTION" missed="3" covered="0"/><counter type="LINE" missed="1" covered="0"/><counter type="COMPLEXITY" missed="1" covered="0"/><counter type="METHOD" missed="1" covered="0"/></method><method name="lambda$planInputPartitions$2" desc="(Lnet/surpin/data/arrowflight/client/query/Endpoint;)Lnet/surpin/data/arrowflight/client/spark/read/FlightInputPartition$FlightEndpointInputPartition;" line="47"><counter type="INSTRUCTION" missed="8" covered="0"/><counter type="LINE" missed="1" covered="0"/><counter type="COMPLEXITY" missed="1" covered="0"/><counter type="METHOD" missed="1" covered="0"/></method><method name="lambda$planInputPartitions$1" desc="(I)[Lorg/apache/spark/sql/connector/read/InputPartition;" line="44"><counter type="INSTRUCTION" missed="3" covered="0"/><counter type="LINE" missed="1" covered="0"/><counter type="COMPLEXITY" missed="1" covered="0"/><counter type="METHOD" missed="1" covered="0"/></method><method name="lambda$planInputPartitions$0" desc="(Ljava/lang/String;)Lnet/surpin/data/arrowflight/client/spark/read/FlightInputPartition$FlightQueryInputPartition;" line="44"><counter type="INSTRUCTION" missed="8" covered="0"/><counter type="LINE" missed="1" covered="0"/><counter type="COMPLEXITY" missed="1" covered="0"/><counter type="METHOD" missed="1" covered="0"/></method><method name="&lt;clinit&gt;" desc="()V" line="18"><counter type="INSTRUCTION" missed="4" covered="0"/><counter type="LINE" missed="1" covered="0"/><counter type="COMPLEXITY" missed="1" covered="0"/><counter type="METHOD" missed="1" covered="0"/></method><counter type="INSTRUCTION" missed="112" covered="0"/><counter type="BRANCH" missed="2" covered="0"/><counter type="LINE" missed="16" covered="0"/><counter type="COMPLEXITY" missed="9" covered="0"/><counter type="METHOD" missed="8" covered="0"/><counter type="CLASS" missed="1" covered="0"/></class><class name="net/surpin/data/arrowflight/client/spark/read/FlightPartitionReader$1" sourcefilename="FlightPartitionReader.java"/><class name="net/surpin/data/arrowflight/client/spark/read/FlightScan" sourcefilename="FlightScan.java"><method name="&lt;init&gt;" desc="(Lnet/surpin/data/arrowflight/client/Configuration;Lnet/surpin/data/arrowflight/client/model/Table;)V" line="27"><counter type="INSTRUCTION" missed="15" covered="0"/><counter type="LINE" missed="5" covered="0"/><counter type="COMPLEXITY" missed="1" covered="0"/><counter type="METHOD" missed="1" covered="0"/></method><method name="readSchema" desc="()Lorg/apache/spark/sql/types/StructType;" line="40"><counter type="INSTRUCTION" missed="4" covered="0"/><counter type="LINE" missed="1" covered="0"/><counter type="COMPLEXITY" missed="1" covered="0"/><counter type="METHOD" missed="1" covered="0"/></method><method name="description" desc="()Ljava/lang/String;" line="49"><counter type="INSTRUCTION" missed="4" covered="0"/><counter type="LINE" missed="1" covered="0"/><counter type="COMPLEXITY" missed="1" covered="0"/><counter type="METHOD" missed="1" covered="0"/></method><method name="toBatch" desc="()Lorg/apache/spark/sql/connector/read/Batch;" line="58"><counter type="INSTRUCTION" missed="14" covered="0"/><counter type="LINE" missed="2" covered="0"/><counter type="COMPLEXITY" missed="1" covered="0"/><counter type="METHOD" missed="1" covered="0"/></method><method name="&lt;clinit&gt;" desc="()V" line="17"><counter type="INSTRUCTION" missed="4" covered="0"/><counter type="LINE" missed="1" covered="0"/><counter type="COMPLEXITY" missed="1" covered="0"/><counter type="METHOD" missed="1" covered="0"/></method><counter type="INSTRUCTION" missed="41" covered="0"/><counter type="LINE" missed="10" covered="0"/><counter type="COMPLEXITY" missed="5" covered="0"/><counter type="METHOD" missed="5" covered="0"/><counter type="CLASS" missed="1" covered="0"/></class><class name="net/surpin/data/arrowflight/client/spark/read/FlightPartitionReaderFactory$1" sourcefilename="FlightPartitionReaderFactory.java"/><class name="net/surpin/data/arrowflight/client/spark/read/FlightColumnarPartitionReader" sourcefilename="FlightColumnarPartitionReader.java"><method name="&lt;init&gt;" desc="(Lnet/surpin/data/arrowflight/client/Configuration;Lorg/apache/spark/sql/connector/read/InputPartition;)V" line="26"><counter type="INSTRUCTION" missed="36" covered="0"/><counter type="BRANCH" missed="2" covered="0"/><counter type="LINE" missed="9" covered="0"/><counter type="COMPLEXITY" missed="2" covered="0"/><counter type="METHOD" missed="1" covered="0"/></method><method name="&lt;init&gt;" desc="(Lnet/surpin/data/arrowflight/client/spark/read/FlightPartitionReader;Lorg/apache/arrow/vector/types/pojo/Schema;)V" line="38"><counter type="INSTRUCTION" missed="9" covered="0"/><counter type="LINE" missed="4" covered="0"/><counter type="COMPLEXITY" missed="1" covered="0"/><counter type="METHOD" missed="1" covered="0"/></method><method name="next" desc="()Z" line="45"><counter type="INSTRUCTION" missed="40" covered="0"/><counter type="BRANCH" missed="6" covered="0"/><counter type="LINE" missed="9" covered="0"/><counter type="COMPLEXITY" missed="4" covered="0"/><counter type="METHOD" missed="1" covered="0"/></method><method name="get" desc="()Lorg/apache/spark/sql/vectorized/ColumnarBatch;" line="61"><counter type="INSTRUCTION" missed="27" covered="0"/><counter type="BRANCH" missed="2" covered="0"/><counter type="LINE" missed="7" covered="0"/><counter type="COMPLEXITY" missed="2" covered="0"/><counter type="METHOD" missed="1" covered="0"/></method><method name="close" desc="()V" line="73"><counter type="INSTRUCTION" missed="7" covered="0"/><counter type="LINE" missed="3" covered="0"/><counter type="COMPLEXITY" missed="1" covered="0"/><counter type="METHOD" missed="1" covered="0"/></method><method name="compatible" desc="(Lorg/apache/arrow/vector/types/pojo/Schema;Lorg/apache/arrow/vector/types/pojo/Schema;)Z" line="78"><counter type="INSTRUCTION" missed="35" covered="0"/><counter type="BRANCH" missed="6" covered="0"/><counter type="LINE" missed="8" covered="0"/><counter type="COMPLEXITY" missed="4" covered="0"/><counter type="METHOD" missed="1" covered="0"/></method><method name="compatible" desc="(Lorg/apache/arrow/vector/types/pojo/Field;Lorg/apache/arrow/vector/types/pojo/Field;)Z" line="92"><counter type="INSTRUCTION" missed="49" covered="0"/><counter type="BRANCH" missed="10" covered="0"/><counter type="LINE" missed="11" covered="0"/><counter type="COMPLEXITY" missed="6" covered="0"/><counter type="METHOD" missed="1" covered="0"/></method><method name="lambda$get$0" desc="(I)[Lorg/apache/spark/sql/vectorized/ColumnVector;" line="65"><counter type="INSTRUCTION" missed="3" covered="0"/><counter type="LINE" missed="1" covered="0"/><counter type="COMPLEXITY" missed="1" covered="0"/><counter type="METHOD" missed="1" covered="0"/></method><counter type="INSTRUCTION" missed="206" covered="0"/><counter type="BRANCH" missed="26" covered="0"/><counter type="LINE" missed="51" covered="0"/><counter type="COMPLEXITY" missed="21" covered="0"/><counter type="METHOD" missed="8" covered="0"/><counter type="CLASS" missed="1" covered="0"/></class><class name="net/surpin/data/arrowflight/client/spark/read/FlightColumnarPartitionReader$FlightOwnedColumnarBatch" sourcefilename="FlightColumnarPartitionReader.java"><method name="&lt;init&gt;" desc="([Lorg/apache/spark/sql/vectorized/ColumnVector;I)V" line="115"><counter type="INSTRUCTION" missed="5" covered="0"/><counter type="LINE" missed="2" covered="0"/><counter type="COMPLEXITY" missed="1" covered="0"/><counter type="METHOD" missed="1" covered="0"/></method><method name="close" desc="()V" line="121"><counter type="INSTRUCTION" missed="1" covered="0"/><counter type="LINE" missed="1" covered="0"/><counter type="COMPLEXITY" missed="1" covered="0"/><counter type="METHOD" missed="1" covered="0"/></method><counter type="INSTRUCTION" missed="6" covered="0"/><counter type="LINE" missed="3" covered="0"/><counter type="COMPLEXITY" missed="2" covered="0"/><counter type="METHOD" missed="2" covered="0"/><counter type="CLASS" missed="1" covered="0"/></class><class name="net/surpin/data/arrowflight/client/spark/read/FlightArrowColumnVector" sourcefilename="FlightArrowColumnVector.java"><method name="&lt;init&gt;" desc="(Lorg/apache/arrow/vector/FieldVector;)V" line="59"><counter type="INSTRUCTION" missed="8" covered="0"/><counter type="LINE" missed="3" covered="0"/><counter type="COMPLEXITY" missed="1" covered="0"/><counter type="METHOD" missed="1" covered="0"/></method><method name="close" desc="()V" line="69"><counter type="INSTRUCTION" missed="1" covered="0"/><counter type="LINE" missed="1" covered="0"/><counter type="COMPLEXITY" missed="1" covered="0"/><counter type="METHOD" missed="1" covered="0"/></method><method name="hasNull" desc="()Z" line="73"><counter type="INSTRUCTION" missed="8" covered="0"/><counter type="BRANCH" missed="2" covered="0"/><counter type="LINE" missed="1" covered="0"/><counter type="COMPLEXITY" missed="2" covered="0"/><counter type="METHOD" missed="1" covered="0"/></method><method name="numNulls" desc="()I" line="78"><counter type="INSTRUCTION" missed="4" covered="0"/><counter type="LINE" missed="1" covered="0"/><counter type="COMPLEXITY" missed="1" covered="0"/><counter type="METHOD" missed="1" covered="0"/></method><method name="isNullAt" desc="(I)Z" line="83"><counter type="INSTRUCTION" missed="5" covered="0"/><counter type="LINE" missed="1" covered="0"/><counter type="COMPLEXITY" missed="1" covered="0"/><counter type="METHOD" missed="1" covered="0"/></method><method name="getBoolean" desc="(I)Z" line="88"><counter type="INSTRUCTION" missed="11" covered="0"/><counter type="BRANCH" missed="2" covered="0"/><counter type="LINE" missed="1" covered="0"/><counter type="COMPLEXITY" missed="2" covered="0"/><counter type="METHOD" missed="1" covered="0"/></method><method name="getByte" desc="(I)B" line="93"><counter type="INSTRUCTION" missed="7" covered="0"/><counter type="LINE" missed="1" covered="0"/><counter type="COMPLEXITY" missed="1" covered="0"/><counter type="METHOD" missed="1" covered="0"/></method><method name="getShort" desc="(I)S" line="98"><counter type="INSTRUCTION" missed="37" covered="0"/><counter type="BRANCH" missed="4" covered="0"/><counter type="LINE" missed="5" covered="0"/><counter type="COMPLEXITY" missed="3" covered="0"/><counter type="METHOD" missed="1" covered="0"/></method><method name="getInt" desc="(I)I" line="109"><counter type="INSTRUCTION" missed="61" covered="0"/><counter type="BRANCH" missed="8" covered="0"/><counter type="LINE" missed="9" covered="0"/><counter type="COMPLEXITY" missed="5" covered="0"/><counter type="METHOD" missed="1" covered="0"/></method><method name="getLong" desc="(I)J" line="126"><counter type="INSTRUCTION" missed="160" covered="0"/><counter type="BRANCH" missed="22" covered="0"/><counter type="LINE" missed="23" covered="0"/><counter type="COMPLEXITY" missed="12" covered="0"/><counter type="METHOD" missed="1" covered="0"/></method><method name="getFloat" desc="(I)F" line="164"><counter type="INSTRUCTION" missed="7" covered="0"/><counter type="LINE" missed="1" covered="0"/><counter type="COMPLEXITY" missed="1" covered="0"/><counter type="METHOD" missed="1" covered="0"/></method><method name="getDouble" desc="(I)D" line="169"><counter type="INSTRUCTION" missed="7" covered="0"/><counter type="LINE" missed="1" covered="0"/><counter type="COMPLEXITY" missed="1" covered="0"/><counter type="METHOD" missed="1" covered="0"/></method><method name="getDecimal" desc="(III)Lorg/apache/spark/sql/types/Decimal;" line="174"><counter type="INSTRUCTION" missed="18" covered="0"/><counter type="BRANCH" missed="2" covered="0"/><counter type="LINE" missed="4" covered="0"/><counter type="COMPLEXITY" missed="2" covered="0"/><counter type="METHOD" missed="1" covered="0"/></method><method name="getUTF8String" desc="(I)Lorg/apache/spark/unsafe/types/UTF8String;" line="183"><counter type="INSTRUCTION" missed="38" covered="0"/><counter type="BRANCH" missed="6" covered="0"/><counter type="LINE" missed="7" covered="0"/><counter type="COMPLEXITY" missed="4" covered="0"/><counter type="METHOD" missed="1" covered="0"/></method><method name="getBinary" desc="(I)[B" line="197"><counter type="INSTRUCTION" missed="49" covered="0"/><counter type="BRANCH" missed="8" covered="0"/><counter type="LINE" missed="9" covered="0"/><counter type="COMPLEXITY" missed="5" covered="0"/><counter type="METHOD" missed="1" covered="0"/></method><method name="getArray" desc="(I)Lorg/apache/spark/sql/vectorized/ColumnarArray;" line="214"><counter type="INSTRUCTION" missed="4" covered="0"/><counter type="LINE" missed="1" covered="0"/><counter type="COMPLEXITY" missed="1" covered="0"/><counter type="METHOD" missed="1" covered="0"/></method><method name="getMap" desc="(I)Lorg/apache/spark/sql/vectorized/ColumnarMap;" line="219"><counter type="INSTRUCTION" missed="4" covered="0"/><counter type="LINE" missed="1" covered="0"/><counter type="COMPLEXITY" missed="1" covered="0"/><counter type="METHOD" missed="1" covered="0"/></method><method name="getChild" desc="(I)Lorg/apache/spark/sql/vectorized/ColumnVector;" line="224"><counter type="INSTRUCTION" missed="4" covered="0"/><counter type="LINE" missed="1" covered="0"/><counter type="COMPLEXITY" missed="1" covered="0"/><counter type="METHOD" missed="1" covered="0"/></method><method name="toSparkType" desc="(Lorg/apache/arrow/vector/FieldVector;)Lorg/apache/spark/sql/types/DataType;" line="228"><counter type="INSTRUCTION" missed="28" covered="0"/><counter type="BRANCH" missed="6" covered="0"/><counter type="LINE" missed="5" covered="0"/><counter type="COMPLEXITY" missed="4" covered="0"/><counter type="METHOD" missed="1" covered="0"/></method><method name="matchesArrowType" desc="(Lorg/apache/arrow/vector/FieldVector;)Z" line="238"><counter type="INSTRUCTION" missed="188" covered="0"/><counter type="BRANCH" missed="65" covered="0"/><counter type="LINE" missed="43" covered="0"/><counter type="COMPLEXITY" missed="43" covered="0"/><counter type="METHOD" missed="1" covered="0"/></method><method name="require" desc="(Ljava/lang/Class;)Lorg/apache/arrow/vector/FieldVector;" line="305"><counter type="INSTRUCTION" missed="16" covered="0"/><counter type="BRANCH" missed="2" covered="0"/><counter type="LINE" missed="3" covered="0"/><counter type="COMPLEXITY" missed="2" covered="0"/><counter type="METHOD" missed="1" covered="0"/></method><method name="unsupported" desc="(Ljava/lang/String;)Ljava/lang/UnsupportedOperationException;" line="312"><counter type="INSTRUCTION" missed="10" covered="0"/><counter type="LINE" missed="2" covered="0"/><counter type="COMPLEXITY" missed="1" covered="0"/><counter type="METHOD" missed="1" covered="0"/></method><counter type="INSTRUCTION" missed="675" covered="0"/><counter type="BRANCH" missed="127" covered="0"/><counter type="LINE" missed="124" covered="0"/><counter type="COMPLEXITY" missed="95" covered="0"/><counter type="METHOD" missed="22" covered="0"/><counter type="CLASS" missed="1" covered="0"/></class><class name="net/surpin/data/arrowflight/client/spark/read/FlightInputPartition$FlightEndpointInputPartition" sourcefilename="FlightInputPartition.java"><method name="&lt;init&gt;" desc="(Lorg/apache/arrow/vector/types/pojo/Schema;Lnet/surpin/data/arrowflight/client/query/Endpoint;)V" line="34"><counter type="INSTRUCTION" missed="0" covered="11"/><counter type="LINE" missed="0" covered="4"/><counter type="COMPLEXITY" missed="0" covered="1"/><counter type="METHOD" missed="0" covered="1"/></method><method name="getEndpoint" desc="()Lnet/surpin/data/arrowflight/client/query/Endpoint;" line="44"><counter type="INSTRUCTION" missed="3" covered="0"/><counter type="LINE" missed="1" covered="0"/><counter type="COMPLEXITY" missed="1" covered="0"/><counter type="METHOD" missed="1" covered="0"/></method><method name="preferredLocations" desc="()[Ljava/lang/String;" line="49"><counter type="INSTRUCTION" missed="0" covered="5"/><counter type="LINE" missed="0" covered="1"/><counter type="COMPLEXITY" missed="0" covered="1"/><counter type="METHOD" missed="0" covered="1"/></method><method name="endpointHosts" desc="(Lnet/surpin/data/arrowflight/client/query/Endpoint;)[Ljava/lang/String;" line="59"><counter type="INSTRUCTION" missed="4" covered="60"/><counter type="BRANCH" missed="5" covered="9"/><counter type="LINE" missed="2" covered="9"/><counter type="COMPLEXITY" missed="5" covered="3"/><counter type="METHOD" missed="0" covered="1"/></method><counter type="INSTRUCTION" missed="7" covered="76"/><counter type="BRANCH" missed="5" covered="9"/><counter type="LINE" missed="3" covered="14"/><counter type="COMPLEXITY" missed="6" covered="5"/><counter type="METHOD" missed="1" covered="3"/><counter type="CLASS" missed="0" covered="1"/></class><class name="net/surpin/data/arrowflight/client/spark/read/FlightScanBuilder" sourcefilename="FlightScanBuilder.java"><method name="&lt;init&gt;" desc="(Lnet/surpin/data/arrowflight/client/Configuration;Lnet/surpin/data/arrowflight/client/model/Table;Lnet/surpin/data/arrowflight/client/write/PartitionBehavior;)V" line="43"><counter type="INSTRUCTION" missed="0" covered="33"/><counter type="LINE" missed="0" covered="10"/><counter type="COMPLEXITY" missed="0" covered="1"/><counter type="METHOD" missed="0" covered="1"/></method><method name="pushAggregation" desc="(Lorg/apache/spark/sql/connector/expressions/aggregate/Aggregation;)Z" line="72"><counter type="INSTRUCTION" missed="15" covered="282"/><counter type="BRANCH" missed="6" covered="30"/><counter type="LINE" missed="6" covered="48"/><counter type="COMPLEXITY" missed="6" covered="13"/><counter type="METHOD" missed="0" covered="1"/></method><method name="simpleColumn" desc="(Lorg/apache/spark/sql/connector/expressions/Expression;)Ljava/util/Optional;" line="146"><counter type="INSTRUCTION" missed="0" covered="30"/><counter type="BRANCH" missed="1" covered="3"/><counter type="LINE" missed="0" covered="8"/><counter type="COMPLEXITY" missed="1" covered="2"/><counter type="METHOD" missed="0" covered="1"/></method><method name="renderExpression" desc="(Lorg/apache/spark/sql/connector/expressions/Expression;)Ljava/util/Optional;" line="164"><counter type="INSTRUCTION" missed="2" covered="98"/><counter type="BRANCH" missed="6" covered="12"/><counter type="LINE" missed="1" covered="16"/><counter type="COMPLEXITY" missed="6" covered="4"/><counter type="METHOD" missed="0" covered="1"/></method><method name="renderLiteral" desc="(Ljava/lang/Object;)Ljava/util/Optional;" line="195"><counter type="INSTRUCTION" missed="47" covered="19"/><counter type="BRANCH" missed="15" covered="5"/><counter type="LINE" missed="7" covered="4"/><counter type="COMPLEXITY" missed="10" covered="1"/><counter type="METHOD" missed="0" covered="1"/></method><method name="expressionType" desc="(Lorg/apache/spark/sql/connector/expressions/Expression;)Ljava/util/Optional;" line="221"><counter type="INSTRUCTION" missed="9" covered="74"/><counter type="BRANCH" missed="7" covered="11"/><counter type="LINE" missed="2" covered="13"/><counter type="COMPLEXITY" missed="7" covered="3"/><counter type="METHOD" missed="0" covered="1"/></method><method name="columnType" desc="(Ljava/lang/String;)Ljava/util/Optional;" line="250"><counter type="INSTRUCTION" missed="0" covered="12"/><counter type="LINE" missed="0" covered="4"/><counter type="COMPLEXITY" missed="0" covered="1"/><counter type="METHOD" missed="0" covered="1"/></method><method name="arithmeticType" desc="(Ljava/lang/String;Lorg/apache/spark/sql/types/DataType;Lorg/apache/spark/sql/types/DataType;)Ljava/util/Optional;" line="266"><counter type="INSTRUCTION" missed="7" covered="88"/><counter type="BRANCH" missed="8" covered="10"/><counter type="LINE" missed="3" covered="15"/><counter type="COMPLEXITY" missed="8" covered="2"/><counter type="METHOD" missed="0" covered="1"/></method><method name="asDecimal" desc="(Lorg/apache/spark/sql/types/DataType;)Ljava/util/Optional;" line="300"><counter type="INSTRUCTION" missed="38" covered="9"/><counter type="BRANCH" missed="9" covered="1"/><counter type="LINE" missed="9" covered="2"/><counter type="COMPLEXITY" missed="5" covered="1"/><counter type="METHOD" missed="0" covered="1"/></method><method name="adjustPrecisionScale" desc="(II)Lorg/apache/spark/sql/types/DecimalType;" line="326"><counter type="INSTRUCTION" missed="0" covered="25"/><counter type="BRANCH" missed="0" covered="2"/><counter type="LINE" missed="0" covered="6"/><counter type="COMPLEXITY" missed="0" covered="2"/><counter type="METHOD" missed="0" covered="1"/></method><method name="isNumericType" desc="(Lorg/apache/spark/sql/types/DataType;)Z" line="343"><counter type="INSTRUCTION" missed="25" covered="6"/><counter type="BRANCH" missed="13" covered="1"/><counter type="LINE" missed="5" covered="2"/><counter type="COMPLEXITY" missed="7" covered="1"/><counter type="METHOD" missed="0" covered="1"/></method><method name="isArithmeticOperator" desc="(Ljava/lang/String;)Z" line="359"><counter type="INSTRUCTION" missed="1" covered="15"/><counter type="BRANCH" missed="1" covered="5"/><counter type="LINE" missed="0" covered="1"/><counter type="COMPLEXITY" missed="1" covered="3"/><counter type="METHOD" missed="0" covered="1"/></method><method name="safeSumType" desc="(Lorg/apache/spark/sql/types/DataType;)Z" line="369"><counter type="INSTRUCTION" missed="0" covered="15"/><counter type="BRANCH" missed="1" covered="5"/><counter type="LINE" missed="0" covered="3"/><counter type="COMPLEXITY" missed="1" covered="3"/><counter type="METHOD" missed="0" covered="1"/></method><method name="quote" desc="(Ljava/lang/String;)Ljava/lang/String;" line="381"><counter type="INSTRUCTION" missed="2" covered="19"/><counter type="BRANCH" missed="2" covered="2"/><counter type="LINE" missed="1" covered="3"/><counter type="COMPLEXITY" missed="2" covered="1"/><counter type="METHOD" missed="0" covered="1"/></method><method name="pushFilters" desc="([Lorg/apache/spark/sql/sources/Filter;)[Lorg/apache/spark/sql/sources/Filter;" line="394"><counter type="INSTRUCTION" missed="0" covered="57"/><counter type="BRANCH" missed="0" covered="4"/><counter type="LINE" missed="0" covered="9"/><counter type="COMPLEXITY" missed="0" covered="3"/><counter type="METHOD" missed="0" covered="1"/></method><method name="pushedFilters" desc="()[Lorg/apache/spark/sql/sources/Filter;" line="414"><counter type="INSTRUCTION" missed="0" covered="3"/><counter type="LINE" missed="0" covered="1"/><counter type="COMPLEXITY" missed="0" covered="1"/><counter type="METHOD" missed="0" covered="1"/></method><method name="pushPredicates" desc="([Lorg/apache/spark/sql/connector/expressions/filter/Predicate;)[Lorg/apache/spark/sql/connector/expressions/filter/Predicate;" line="425"><counter type="INSTRUCTION" missed="0" covered="57"/><counter type="BRANCH" missed="0" covered="4"/><counter type="LINE" missed="0" covered="9"/><counter type="COMPLEXITY" missed="0" covered="3"/><counter type="METHOD" missed="0" covered="1"/></method><method name="pushedPredicates" desc="()[Lorg/apache/spark/sql/connector/expressions/filter/Predicate;" line="447"><counter type="INSTRUCTION" missed="0" covered="3"/><counter type="LINE" missed="0" covered="1"/><counter type="COMPLEXITY" missed="0" covered="1"/><counter type="METHOD" missed="0" covered="1"/></method><method name="pruneColumns" desc="(Lorg/apache/spark/sql/types/StructType;)V" line="456"><counter type="INSTRUCTION" missed="0" covered="19"/><counter type="LINE" missed="0" covered="5"/><counter type="COMPLEXITY" missed="0" covered="1"/><counter type="METHOD" missed="0" covered="1"/></method><method name="build" desc="()Lorg/apache/spark/sql/connector/read/Scan;" line="468"><counter type="INSTRUCTION" missed="106" covered="0"/><counter type="LINE" missed="15" covered="0"/><counter type="COMPLEXITY" missed="1" covered="0"/><counter type="METHOD" missed="1" covered="0"/></method><method name="lambda$build$4" desc="(I)[Ljava/lang/String;" line="480"><counter type="INSTRUCTION" missed="3" covered="0"/><counter type="LINE" missed="1" covered="0"/><counter type="COMPLEXITY" missed="1" covered="0"/><counter type="METHOD" missed="1" covered="0"/></method><method name="lambda$pruneColumns$3" desc="(I)[Ljava/lang/String;" line="459"><counter type="INSTRUCTION" missed="0" covered="3"/><counter type="LINE" missed="0" covered="1"/><counter type="COMPLEXITY" missed="0" covered="1"/><counter type="METHOD" missed="0" covered="1"/></method><method name="lambda$columnType$2" desc="(Ljava/lang/String;Lorg/apache/spark/sql/types/StructField;)Z" line="251"><counter type="INSTRUCTION" missed="0" covered="5"/><counter type="LINE" missed="0" covered="1"/><counter type="COMPLEXITY" missed="0" covered="1"/><counter type="METHOD" missed="0" covered="1"/></method><method name="lambda$renderExpression$1" desc="(Lorg/apache/spark/sql/connector/expressions/Cast;Ljava/lang/String;)Ljava/lang/String;" line="173"><counter type="INSTRUCTION" missed="0" covered="15"/><counter type="LINE" missed="0" covered="1"/><counter type="COMPLEXITY" missed="0" covered="1"/><counter type="METHOD" missed="0" covered="1"/></method><method name="lambda$simpleColumn$0" desc="(Ljava/lang/String;Ljava/lang/String;)Z" line="153"><counter type="INSTRUCTION" missed="0" covered="4"/><counter type="LINE" missed="0" covered="1"/><counter type="COMPLEXITY" missed="0" covered="1"/><counter type="METHOD" missed="0" covered="1"/></method><method name="&lt;clinit&gt;" desc="()V" line="36"><counter type="INSTRUCTION" missed="0" covered="4"/><counter type="LINE" missed="0" covered="1"/><counter type="COMPLEXITY" missed="0" covered="1"/><counter type="METHOD" missed="0" covered="1"/></method><counter type="INSTRUCTION" missed="255" covered="895"/><counter type="BRANCH" missed="69" covered="95"/><counter type="LINE" missed="49" covered="161"/><counter type="COMPLEXITY" missed="56" covered="52"/><counter type="METHOD" missed="2" covered="24"/><counter type="CLASS" missed="0" covered="1"/></class><sourcefile name="FlightArrowColumnVector.java"><line nr="59" mi="4" ci="0" mb="0" cb="0"/><line nr="60" mi="3" ci="0" mb="0" cb="0"/><line nr="61" mi="1" ci="0" mb="0" cb="0"/><line nr="69" mi="1" ci="0" mb="0" cb="0"/><line nr="73" mi="8" ci="0" mb="2" cb="0"/><line nr="78" mi="4" ci="0" mb="0" cb="0"/><line nr="83" mi="5" ci="0" mb="0" cb="0"/><line nr="88" mi="11" ci="0" mb="2" cb="0"/><line nr="93" mi="7" ci="0" mb="0" cb="0"/><line nr="98" mi="9" ci="0" mb="2" cb="0"/><line nr="99" mi="5" ci="0" mb="0" cb="0"/><line nr="101" mi="9" ci="0" mb="2" cb="0"/><line nr="102" mi="7" ci="0" mb="0" cb="0"/><line nr="104" mi="7" ci="0" mb="0" cb="0"/><line nr="109" mi="9" ci="0" mb="2" cb="0"/><line nr="110" mi="4" ci="0" mb="0" cb="0"/><line nr="112" mi="9" ci="0" mb="2" cb="0"/><line nr="113" mi="4" ci="0" mb="0" cb="0"/><line nr="115" mi="9" ci="0" mb="2" cb="0"/><line nr="116" mi="7" ci="0" mb="0" cb="0"/><line nr="118" mi="9" ci="0" mb="2" cb="0"/><line nr="119" mi="6" ci="0" mb="0" cb="0"/><line nr="121" mi="4" ci="0" mb="0" cb="0"/><line nr="126" mi="9" ci="0" mb="2" cb="0"/><line nr="127" mi="4" ci="0" mb="0" cb="0"/><line nr="129" mi="9" ci="0" mb="2" cb="0"/><line nr="130" mi="4" ci="0" mb="0" cb="0"/><line nr="132" mi="9" ci="0" mb="2" cb="0"/><line nr="133" mi="4" ci="0" mb="0" cb="0"/><line nr="135" mi="9" ci="0" mb="2" cb="0"/><line nr="136" mi="6" ci="0" mb="0" cb="0"/><line nr="138" mi="9" ci="0" mb="2" cb="0"/><line nr="139" mi="6" ci="0" mb="0" cb="0"/><line nr="141" mi="9" ci="0" mb="2" cb="0"/><line nr="142" mi="6" ci="0" mb="0" cb="0"/><line nr="144" mi="9" ci="0" mb="2" cb="0"/><line nr="145" mi="6" ci="0" mb="0" cb="0"/><line nr="147" mi="9" ci="0" mb="2" cb="0"/><line nr="148" mi="6" ci="0" mb="0" cb="0"/><line nr="150" mi="9" ci="0" mb="2" cb="0"/><line nr="151" mi="6" ci="0" mb="0" cb="0"/><line nr="153" mi="9" ci="0" mb="2" cb="0"/><line nr="154" mi="5" ci="0" mb="0" cb="0"/><line nr="156" mi="9" ci="0" mb="2" cb="0"/><line nr="157" mi="4" ci="0" mb="0" cb="0"/><line nr="159" mi="4" ci="0" mb="0" cb="0"/><line nr="164" mi="7" ci="0" mb="0" cb="0"/><line nr="169" mi="7" ci="0" mb="0" cb="0"/><line nr="174" mi="4" ci="0" mb="2" cb="0"/><line nr="175" mi="2" ci="0" mb="0" cb="0"/><line nr="177" mi="7" ci="0" mb="0" cb="0"/><line nr="178" mi="5" ci="0" mb="0" cb="0"/><line nr="183" mi="4" ci="0" mb="2" cb="0"/><line nr="184" mi="2" ci="0" mb="0" cb="0"/><line nr="186" mi="9" ci="0" mb="2" cb="0"/><line nr="187" mi="5" ci="0" mb="0" cb="0"/><line nr="189" mi="9" ci="0" mb="2" cb="0"/><line nr="190" mi="5" ci="0" mb="0" cb="0"/><line nr="192" mi="4" ci="0" mb="0" cb="0"/><line nr="197" mi="4" ci="0" mb="2" cb="0"/><line nr="198" mi="2" ci="0" mb="0" cb="0"/><line nr="200" mi="9" ci="0" mb="2" cb="0"/><line nr="201" mi="4" ci="0" mb="0" cb="0"/><line nr="203" mi="9" ci="0" mb="2" cb="0"/><line nr="204" mi="4" ci="0" mb="0" cb="0"/><line nr="206" mi="9" ci="0" mb="2" cb="0"/><line nr="207" mi="4" ci="0" mb="0" cb="0"/><line nr="209" mi="4" ci="0" mb="0" cb="0"/><line nr="214" mi="4" ci="0" mb="0" cb="0"/><line nr="219" mi="4" ci="0" mb="0" cb="0"/><line nr="224" mi="4" ci="0" mb="0" cb="0"/><line nr="228" mi="5" ci="0" mb="4" cb="0"/><line nr="229" mi="8" ci="0" mb="2" cb="0"/><line nr="230" mi="6" ci="0" mb="0" cb="0"/><line nr="233" mi="4" ci="0" mb="0" cb="0"/><line nr="234" mi="5" ci="0" mb="0" cb="0"/><line nr="238" mi="4" ci="0" mb="0" cb="0"/><line nr="239" mi="7" ci="0" mb="13" cb="0"/><line nr="240" mi="3" ci="0" mb="0" cb="0"/><line nr="241" mi="3" ci="0" mb="0" cb="0"/><line nr="242" mi="3" ci="0" mb="0" cb="0"/><line nr="243" mi="3" ci="0" mb="0" cb="0"/><line nr="244" mi="3" ci="0" mb="0" cb="0"/><line nr="245" mi="3" ci="0" mb="0" cb="0"/><line nr="246" mi="3" ci="0" mb="0" cb="0"/><line nr="248" mi="4" ci="0" mb="0" cb="0"/><line nr="249" mi="16" ci="0" mb="8" cb="0"/><line nr="254" mi="3" ci="0" mb="0" cb="0"/><line nr="255" mi="3" ci="0" mb="2" cb="0"/><line nr="256" mi="3" ci="0" mb="5" cb="0"/><line nr="257" mi="3" ci="0" mb="0" cb="0"/><line nr="258" mi="3" ci="0" mb="0" cb="0"/><line nr="259" mi="3" ci="0" mb="0" cb="0"/><line nr="260" mi="3" ci="0" mb="0" cb="0"/><line nr="261" mi="2" ci="0" mb="0" cb="0"/><line nr="264" mi="3" ci="0" mb="5" cb="0"/><line nr="265" mi="3" ci="0" mb="0" cb="0"/><line nr="266" mi="3" ci="0" mb="0" cb="0"/><line nr="267" mi="3" ci="0" mb="0" cb="0"/><line nr="268" mi="3" ci="0" mb="0" cb="0"/><line nr="269" mi="2" ci="0" mb="0" cb="0"/><line nr="273" mi="3" ci="0" mb="0" cb="0"/><line nr="274" mi="3" ci="0" mb="0" cb="0"/><line nr="275" mi="3" ci="0" mb="0" cb="0"/><line nr="276" mi="22" ci="0" mb="12" cb="0"/><line nr="282" mi="4" ci="0" mb="0" cb="0"/><line nr="283" mi="16" ci="0" mb="8" cb="0"/><line nr="287" mi="3" ci="0" mb="0" cb="0"/><line nr="288" mi="3" ci="0" mb="0" cb="0"/><line nr="289" mi="6" ci="0" mb="4" cb="0"/><line nr="290" mi="5" ci="0" mb="2" cb="0"/><line nr="291" mi="3" ci="0" mb="0" cb="0"/><line nr="292" mi="5" ci="0" mb="2" cb="0"/><line nr="293" mi="3" ci="0" mb="0" cb="0"/><line nr="294" mi="5" ci="0" mb="2" cb="0"/><line nr="295" mi="3" ci="0" mb="0" cb="0"/><line nr="296" mi="5" ci="0" mb="2" cb="0"/><line nr="297" mi="3" ci="0" mb="0" cb="0"/><line nr="300" mi="1" ci="0" mb="0" cb="0"/><line nr="305" mi="5" ci="0" mb="2" cb="0"/><line nr="306" mi="5" ci="0" mb="0" cb="0"/><line nr="308" mi="6" ci="0" mb="0" cb="0"/><line nr="312" mi="6" ci="0" mb="0" cb="0"/><line nr="313" mi="4" ci="0" mb="0" cb="0"/><counter type="INSTRUCTION" missed="675" covered="0"/><counter type="BRANCH" missed="127" covered="0"/><counter type="LINE" missed="124" covered="0"/><counter type="COMPLEXITY" missed="95" covered="0"/><counter type="METHOD" missed="22" covered="0"/><counter type="CLASS" missed="1" covered="0"/></sourcefile><sourcefile name="FlightScanBuilder.java"><line nr="36" mi="0" ci="4" mb="0" cb="0"/><line nr="43" mi="0" ci="4" mb="0" cb="0"/><line nr="45" mi="0" ci="4" mb="0" cb="0"/><line nr="47" mi="0" ci="4" mb="0" cb="0"/><line nr="50" mi="0" ci="3" mb="0" cb="0"/><line nr="58" mi="0" ci="2" mb="0" cb="0"/><line nr="59" mi="0" ci="6" mb="0" cb="0"/><line nr="60" mi="0" ci="3" mb="0" cb="0"/><line nr="61" mi="0" ci="3" mb="0" cb="0"/><line nr="62" mi="0" ci="3" mb="0" cb="0"/><line nr="63" mi="0" ci="1" mb="0" cb="0"/><line nr="72" mi="0" ci="6" mb="0" cb="0"/><line nr="74" mi="0" ci="4" mb="0" cb="0"/><line nr="75" mi="0" ci="17" mb="0" cb="2"/><line nr="76" mi="0" ci="3" mb="0" cb="2"/><line nr="77" mi="0" ci="5" mb="0" cb="0"/><line nr="78" mi="0" ci="3" mb="0" cb="2"/><line nr="79" mi="0" ci="3" mb="0" cb="0"/><line nr="80" mi="0" ci="5" mb="0" cb="0"/><line nr="81" mi="0" ci="6" mb="1" cb="3"/><line nr="82" mi="0" ci="3" mb="0" cb="0"/><line nr="83" mi="0" ci="2" mb="0" cb="0"/><line nr="85" mi="0" ci="15" mb="0" cb="0"/><line nr="86" mi="0" ci="4" mb="0" cb="2"/><line nr="87" mi="0" ci="3" mb="0" cb="0"/><line nr="88" mi="0" ci="5" mb="0" cb="0"/><line nr="89" mi="0" ci="3" mb="1" cb="1"/><line nr="90" mi="3" ci="0" mb="0" cb="0"/><line nr="91" mi="2" ci="0" mb="0" cb="0"/><line nr="93" mi="0" ci="15" mb="0" cb="0"/><line nr="94" mi="0" ci="4" mb="0" cb="2"/><line nr="95" mi="0" ci="3" mb="0" cb="0"/><line nr="96" mi="0" ci="5" mb="0" cb="0"/><line nr="97" mi="0" ci="3" mb="1" cb="1"/><line nr="98" mi="3" ci="0" mb="0" cb="0"/><line nr="99" mi="2" ci="0" mb="0" cb="0"/><line nr="101" mi="0" ci="15" mb="0" cb="0"/><line nr="102" mi="0" ci="4" mb="0" cb="2"/><line nr="103" mi="0" ci="3" mb="0" cb="0"/><line nr="104" mi="0" ci="5" mb="0" cb="0"/><line nr="105" mi="0" ci="5" mb="0" cb="0"/><line nr="106" mi="0" ci="10" mb="2" cb="4"/><line nr="107" mi="0" ci="4" mb="0" cb="2"/><line nr="108" mi="0" ci="3" mb="0" cb="0"/><line nr="109" mi="0" ci="2" mb="0" cb="0"/><line nr="111" mi="0" ci="4" mb="0" cb="0"/><line nr="112" mi="0" ci="9" mb="0" cb="2"/><line nr="113" mi="0" ci="12" mb="0" cb="0"/><line nr="114" mi="0" ci="9" mb="0" cb="0"/><line nr="116" mi="0" ci="11" mb="0" cb="0"/><line nr="117" mi="0" ci="1" mb="0" cb="0"/><line nr="118" mi="0" ci="3" mb="0" cb="0"/><line nr="119" mi="0" ci="2" mb="0" cb="0"/><line nr="123" mi="0" ci="5" mb="0" cb="0"/><line nr="124" mi="0" ci="9" mb="0" cb="2"/><line nr="125" mi="0" ci="7" mb="0" cb="0"/><line nr="126" mi="0" ci="3" mb="1" cb="1"/><line nr="127" mi="3" ci="0" mb="0" cb="0"/><line nr="128" mi="2" ci="0" mb="0" cb="0"/><line nr="130" mi="0" ci="8" mb="0" cb="0"/><line nr="132" mi="0" ci="6" mb="0" cb="0"/><line nr="133" mi="0" ci="4" mb="0" cb="2"/><line nr="134" mi="0" ci="10" mb="0" cb="0"/><line nr="135" mi="0" ci="9" mb="0" cb="0"/><line nr="136" mi="0" ci="2" mb="0" cb="0"/><line nr="146" mi="0" ci="7" mb="0" cb="2"/><line nr="147" mi="0" ci="4" mb="1" cb="1"/><line nr="148" mi="0" ci="2" mb="0" cb="0"/><line nr="150" mi="0" ci="5" mb="0" cb="0"/><line nr="151" mi="0" ci="7" mb="0" cb="0"/><line nr="152" mi="0" ci="3" mb="0" cb="0"/><line nr="153" mi="0" ci="5" mb="0" cb="0"/><line nr="154" mi="0" ci="1" mb="0" cb="0"/><line nr="164" mi="0" ci="4" mb="0" cb="0"/><line nr="165" mi="0" ci="3" mb="0" cb="2"/><line nr="166" mi="0" ci="7" mb="0" cb="0"/><line nr="168" mi="0" ci="6" mb="0" cb="2"/><line nr="169" mi="0" ci="4" mb="0" cb="0"/><line nr="171" mi="0" ci="10" mb="1" cb="3"/><line nr="172" mi="0" ci="7" mb="0" cb="0"/><line nr="173" mi="0" ci="16" mb="0" cb="0"/><line nr="175" mi="0" ci="7" mb="1" cb="1"/><line nr="176" mi="0" ci="4" mb="1" cb="1"/><line nr="177" mi="0" ci="4" mb="1" cb="1"/><line nr="178" mi="0" ci="7" mb="0" cb="0"/><line nr="179" mi="0" ci="7" mb="0" cb="0"/><line nr="180" mi="0" ci="6" mb="2" cb="2"/><line nr="181" mi="0" ci="9" mb="0" cb="0"/><line nr="182" mi="0" ci="12" mb="0" cb="0"/><line nr="185" mi="2" ci="0" mb="0" cb="0"/><line nr="195" mi="3" ci="3" mb="1" cb="1"/><line nr="196" mi="4" ci="0" mb="0" cb="0"/><line nr="198" mi="3" ci="3" mb="1" cb="1"/><line nr="199" mi="4" ci="0" mb="0" cb="0"/><line nr="201" mi="3" ci="9" mb="5" cb="3"/><line nr="203" mi="0" ci="4" mb="0" cb="0"/><line nr="205" mi="10" ci="0" mb="4" cb="0"/><line nr="206" mi="4" ci="0" mb="0" cb="0"/><line nr="208" mi="10" ci="0" mb="4" cb="0"/><line nr="209" mi="4" ci="0" mb="0" cb="0"/><line nr="211" mi="2" ci="0" mb="0" cb="0"/><line nr="221" mi="0" ci="3" mb="0" cb="2"/><line nr="222" mi="0" ci="4" mb="0" cb="0"/><line nr="223" mi="0" ci="5" mb="0" cb="0"/><line nr="225" mi="3" ci="3" mb="1" cb="1"/><line nr="226" mi="4" ci="0" mb="0" cb="0"/><line nr="228" mi="0" ci="10" mb="1" cb="3"/><line nr="229" mi="0" ci="4" mb="0" cb="0"/><line nr="231" mi="0" ci="7" mb="1" cb="1"/><line nr="232" mi="0" ci="4" mb="1" cb="1"/><line nr="233" mi="0" ci="4" mb="1" cb="1"/><line nr="234" mi="0" ci="7" mb="0" cb="0"/><line nr="235" mi="0" ci="7" mb="0" cb="0"/><line nr="236" mi="0" ci="6" mb="2" cb="2"/><line nr="237" mi="0" ci="10" mb="0" cb="0"/><line nr="240" mi="2" ci="0" mb="0" cb="0"/><line nr="250" mi="0" ci="8" mb="0" cb="0"/><line nr="251" mi="0" ci="7" mb="0" cb="0"/><line nr="252" mi="0" ci="1" mb="0" cb="0"/><line nr="253" mi="0" ci="1" mb="0" cb="0"/><line nr="266" mi="0" ci="6" mb="2" cb="2"/><line nr="267" mi="2" ci="0" mb="0" cb="0"/><line nr="269" mi="0" ci="10" mb="2" cb="2"/><line nr="270" mi="0" ci="6" mb="2" cb="2"/><line nr="271" mi="3" ci="0" mb="0" cb="0"/><line nr="273" mi="0" ci="3" mb="0" cb="0"/><line nr="274" mi="0" ci="3" mb="0" cb="0"/><line nr="275" mi="0" ci="6" mb="2" cb="2"/><line nr="276" mi="2" ci="0" mb="0" cb="0"/><line nr="278" mi="0" ci="4" mb="0" cb="0"/><line nr="279" mi="0" ci="4" mb="0" cb="0"/><line nr="282" mi="0" ci="4" mb="0" cb="2"/><line nr="283" mi="0" ci="8" mb="0" cb="0"/><line nr="284" mi="0" ci="7" mb="0" cb="0"/><line nr="286" mi="0" ci="6" mb="0" cb="0"/><line nr="287" mi="0" ci="12" mb="0" cb="0"/><line nr="288" mi="0" ci="4" mb="0" cb="0"/><line nr="290" mi="0" ci="5" mb="0" cb="0"/><line nr="300" mi="0" ci="6" mb="1" cb="1"/><line nr="301" mi="0" ci="3" mb="0" cb="0"/><line nr="303" mi="4" ci="0" mb="2" cb="0"/><line nr="304" mi="5" ci="0" mb="0" cb="0"/><line nr="306" mi="4" ci="0" mb="2" cb="0"/><line nr="307" mi="5" ci="0" mb="0" cb="0"/><line nr="309" mi="4" ci="0" mb="2" cb="0"/><line nr="310" mi="5" ci="0" mb="0" cb="0"/><line nr="312" mi="4" ci="0" mb="2" cb="0"/><line nr="313" mi="5" ci="0" mb="0" cb="0"/><line nr="315" mi="2" ci="0" mb="0" cb="0"/><line nr="326" mi="0" ci="3" mb="0" cb="2"/><line nr="327" mi="0" ci="4" mb="0" cb="0"/><line nr="329" mi="0" ci="4" mb="0" cb="0"/><line nr="330" mi="0" ci="4" mb="0" cb="0"/><line nr="331" mi="0" ci="6" mb="0" cb="0"/><line nr="333" mi="0" ci="4" mb="0" cb="0"/><line nr="343" mi="2" ci="4" mb="1" cb="1"/><line nr="344" mi="4" ci="0" mb="2" cb="0"/><line nr="345" mi="4" ci="0" mb="2" cb="0"/><line nr="346" mi="4" ci="0" mb="2" cb="0"/><line nr="347" mi="4" ci="0" mb="2" cb="0"/><line nr="348" mi="4" ci="0" mb="2" cb="0"/><line nr="349" mi="3" ci="2" mb="2" cb="0"/><line nr="359" mi="1" ci="15" mb="1" cb="5"/><line nr="369" mi="0" ci="6" mb="0" cb="2"/><line nr="370" mi="0" ci="4" mb="1" cb="1"/><line nr="371" mi="0" ci="5" mb="0" cb="2"/><line nr="381" mi="0" ci="4" mb="0" cb="0"/><line nr="382" mi="0" ci="5" mb="2" cb="2"/><line nr="383" mi="2" ci="0" mb="0" cb="0"/><line nr="385" mi="0" ci="10" mb="0" cb="0"/><line nr="394" mi="0" ci="6" mb="0" cb="0"/><line nr="396" mi="0" ci="4" mb="0" cb="0"/><line nr="397" mi="0" ci="4" mb="0" cb="0"/><line nr="398" mi="0" ci="16" mb="0" cb="2"/><line nr="399" mi="0" ci="5" mb="0" cb="2"/><line nr="400" mi="0" ci="5" mb="0" cb="0"/><line nr="402" mi="0" ci="4" mb="0" cb="0"/><line nr="405" mi="0" ci="7" mb="0" cb="0"/><line nr="406" mi="0" ci="6" mb="0" cb="0"/><line nr="414" mi="0" ci="3" mb="0" cb="0"/><line nr="425" mi="0" ci="6" mb="0" cb="0"/><line nr="427" mi="0" ci="4" mb="0" cb="0"/><line nr="428" mi="0" ci="4" mb="0" cb="0"/><line nr="429" mi="0" ci="16" mb="0" cb="2"/><line nr="430" mi="0" ci="5" mb="0" cb="2"/><line nr="431" mi="0" ci="5" mb="0" cb="0"/><line nr="433" mi="0" ci="4" mb="0" cb="0"/><line nr="436" mi="0" ci="7" mb="0" cb="0"/><line nr="437" mi="0" ci="6" mb="0" cb="0"/><line nr="447" mi="0" ci="3" mb="0" cb="0"/><line nr="456" mi="0" ci="4" mb="0" cb="0"/><line nr="457" mi="0" ci="8" mb="0" cb="0"/><line nr="458" mi="0" ci="3" mb="0" cb="0"/><line nr="459" mi="0" ci="6" mb="0" cb="0"/><line nr="460" mi="0" ci="1" mb="0" cb="0"/><line nr="468" mi="6" ci="0" mb="0" cb="0"/><line nr="471" mi="4" ci="0" mb="0" cb="0"/><line nr="472" mi="12" ci="0" mb="0" cb="0"/><line nr="473" mi="4" ci="0" mb="0" cb="0"/><line nr="474" mi="12" ci="0" mb="0" cb="0"/><line nr="475" mi="4" ci="0" mb="0" cb="0"/><line nr="476" mi="4" ci="0" mb="0" cb="0"/><line nr="477" mi="8" ci="0" mb="0" cb="0"/><line nr="478" mi="7" ci="0" mb="0" cb="0"/><line nr="479" mi="9" ci="0" mb="0" cb="0"/><line nr="480" mi="6" ci="0" mb="0" cb="0"/><line nr="481" mi="9" ci="0" mb="0" cb="0"/><line nr="482" mi="11" ci="0" mb="0" cb="0"/><line nr="486" mi="5" ci="0" mb="0" cb="0"/><line nr="487" mi="8" ci="0" mb="0" cb="0"/><counter type="INSTRUCTION" missed="255" covered="895"/><counter type="BRANCH" missed="69" covered="95"/><counter type="LINE" missed="49" covered="161"/><counter type="COMPLEXITY" missed="56" covered="52"/><counter type="METHOD" missed="2" covered="24"/><counter type="CLASS" missed="0" covered="1"/></sourcefile><sourcefile name="FlightColumnarPartitionReader.java"><line nr="26" mi="2" ci="0" mb="0" cb="0"/><line nr="27" mi="7" ci="0" mb="2" cb="0"/><line nr="28" mi="7" ci="0" mb="0" cb="0"/><line nr="31" mi="4" ci="0" mb="0" cb="0"/><line nr="32" mi="1" ci="0" mb="0" cb="0"/><line nr="33" mi="6" ci="0" mb="0" cb="0"/><line nr="34" mi="1" ci="0" mb="0" cb="0"/><line nr="35" mi="7" ci="0" mb="0" cb="0"/><line nr="36" mi="1" ci="0" mb="0" cb="0"/><line nr="38" mi="2" ci="0" mb="0" cb="0"/><line nr="39" mi="3" ci="0" mb="0" cb="0"/><line nr="40" mi="3" ci="0" mb="0" cb="0"/><line nr="41" mi="1" ci="0" mb="0" cb="0"/><line nr="45" mi="3" ci="0" mb="0" cb="0"/><line nr="46" mi="4" ci="0" mb="0" cb="0"/><line nr="47" mi="5" ci="0" mb="4" cb="0"/><line nr="48" mi="5" ci="0" mb="0" cb="0"/><line nr="49" mi="5" ci="0" mb="2" cb="0"/><line nr="50" mi="3" ci="0" mb="0" cb="0"/><line nr="51" mi="10" ci="0" mb="0" cb="0"/><line nr="54" mi="3" ci="0" mb="0" cb="0"/><line nr="56" mi="2" ci="0" mb="0" cb="0"/><line nr="61" mi="3" ci="0" mb="2" cb="0"/><line nr="62" mi="4" ci="0" mb="0" cb="0"/><line nr="63" mi="4" ci="0" mb="0" cb="0"/><line nr="64" mi="2" ci="0" mb="0" cb="0"/><line nr="65" mi="6" ci="0" mb="0" cb="0"/><line nr="66" mi="8" ci="0" mb="0" cb="0"/><line nr="68" mi="3" ci="0" mb="0" cb="0"/><line nr="73" mi="3" ci="0" mb="0" cb="0"/><line nr="74" mi="3" ci="0" mb="0" cb="0"/><line nr="75" mi="1" ci="0" mb="0" cb="0"/><line nr="78" mi="3" ci="0" mb="0" cb="0"/><line nr="79" mi="3" ci="0" mb="0" cb="0"/><line nr="80" mi="5" ci="0" mb="2" cb="0"/><line nr="81" mi="2" ci="0" mb="0" cb="0"/><line nr="83" mi="8" ci="0" mb="2" cb="0"/><line nr="84" mi="10" ci="0" mb="2" cb="0"/><line nr="85" mi="2" ci="0" mb="0" cb="0"/><line nr="88" mi="2" ci="0" mb="0" cb="0"/><line nr="92" mi="7" ci="0" mb="2" cb="0"/><line nr="93" mi="5" ci="0" mb="2" cb="0"/><line nr="94" mi="2" ci="0" mb="0" cb="0"/><line nr="96" mi="3" ci="0" mb="0" cb="0"/><line nr="97" mi="3" ci="0" mb="0" cb="0"/><line nr="98" mi="5" ci="0" mb="2" cb="0"/><line nr="99" mi="2" ci="0" mb="0" cb="0"/><line nr="101" mi="8" ci="0" mb="2" cb="0"/><line nr="102" mi="10" ci="0" mb="2" cb="0"/><line nr="103" mi="2" ci="0" mb="0" cb="0"/><line nr="106" mi="2" ci="0" mb="0" cb="0"/><line nr="115" mi="4" ci="0" mb="0" cb="0"/><line nr="116" mi="1" ci="0" mb="0" cb="0"/><line nr="121" mi="1" ci="0" mb="0" cb="0"/><counter type="INSTRUCTION" missed="212" covered="0"/><counter type="BRANCH" missed="26" covered="0"/><counter type="LINE" missed="54" covered="0"/><counter type="COMPLEXITY" missed="23" covered="0"/><counter type="METHOD" missed="10" covered="0"/><counter type="CLASS" missed="2" covered="0"/></sourcefile><sourcefile name="FlightPartitionReader.java"><line nr="38" mi="3" ci="0" mb="0" cb="0"/><line nr="45" mi="3" ci="0" mb="0" cb="0"/><line nr="46" mi="1" ci="0" mb="0" cb="0"/><line nr="47" mi="2" ci="0" mb="0" cb="0"/><line nr="48" mi="1" ci="0" mb="0" cb="0"/><line nr="49" mi="2" ci="0" mb="0" cb="0"/><line nr="50" mi="1" ci="0" mb="0" cb="0"/><line nr="68" mi="9" ci="0" mb="0" cb="0"/><line nr="69" mi="9" ci="0" mb="0" cb="0"/><line nr="72" mi="9" ci="0" mb="0" cb="0"/><line nr="74" mi="9" ci="0" mb="0" cb="0"/><line nr="75" mi="9" ci="0" mb="0" cb="0"/><line nr="78" mi="9" ci="0" mb="0" cb="0"/><line nr="79" mi="9" ci="0" mb="0" cb="0"/><line nr="94" mi="2" ci="0" mb="0" cb="0"/><line nr="95" mi="3" ci="0" mb="0" cb="0"/><line nr="96" mi="3" ci="0" mb="0" cb="0"/><line nr="97" mi="4" ci="0" mb="0" cb="0"/><line nr="98" mi="16" ci="0" mb="0" cb="0"/><line nr="99" mi="3" ci="0" mb="0" cb="0"/><line nr="100" mi="1" ci="0" mb="0" cb="0"/><line nr="102" mi="2" ci="0" mb="0" cb="0"/><line nr="103" mi="3" ci="0" mb="0" cb="0"/><line nr="104" mi="3" ci="0" mb="0" cb="0"/><line nr="105" mi="3" ci="0" mb="0" cb="0"/><line nr="106" mi="3" ci="0" mb="0" cb="0"/><line nr="107" mi="3" ci="0" mb="0" cb="0"/><line nr="108" mi="3" ci="0" mb="0" cb="0"/><line nr="109" mi="4" ci="0" mb="0" cb="0"/><line nr="110" mi="4" ci="0" mb="0" cb="0"/><line nr="111" mi="4" ci="0" mb="0" cb="0"/><line nr="112" mi="1" ci="0" mb="0" cb="0"/><line nr="114" mi="2" ci="0" mb="0" cb="0"/><line nr="115" mi="3" ci="0" mb="0" cb="0"/><line nr="116" mi="3" ci="0" mb="0" cb="0"/><line nr="117" mi="3" ci="0" mb="0" cb="0"/><line nr="118" mi="1" ci="0" mb="0" cb="0"/><line nr="122" mi="4" ci="0" mb="0" cb="0"/><line nr="123" mi="3" ci="0" mb="2" cb="0"/><line nr="124" mi="5" ci="0" mb="0" cb="0"/><line nr="127" mi="3" ci="0" mb="2" cb="0"/><line nr="128" mi="3" ci="0" mb="0" cb="0"/><line nr="129" mi="3" ci="0" mb="0" cb="0"/><line nr="130" mi="3" ci="0" mb="0" cb="0"/><line nr="131" mi="3" ci="0" mb="2" cb="0"/><line nr="132" mi="6" ci="0" mb="0" cb="0"/><line nr="133" mi="2" ci="0" mb="0" cb="0"/><line nr="135" mi="3" ci="0" mb="0" cb="0"/><line nr="139" mi="6" ci="0" mb="0" cb="0"/><line nr="140" mi="5" ci="0" mb="2" cb="0"/><line nr="141" mi="3" ci="0" mb="0" cb="0"/><line nr="142" mi="2" ci="0" mb="0" cb="0"/><line nr="145" mi="4" ci="0" mb="0" cb="0"/><line nr="149" mi="4" ci="0" mb="2" cb="0"/><line nr="150" mi="1" ci="0" mb="0" cb="0"/><line nr="152" mi="5" ci="0" mb="0" cb="0"/><line nr="153" mi="5" ci="0" mb="0" cb="0"/><line nr="154" mi="6" ci="0" mb="0" cb="0"/><line nr="155" mi="3" ci="0" mb="0" cb="0"/><line nr="156" mi="6" ci="0" mb="0" cb="0"/><line nr="157" mi="8" ci="0" mb="0" cb="0"/><line nr="158" mi="4" ci="0" mb="2" cb="0"/><line nr="159" mi="13" ci="0" mb="0" cb="0"/><line nr="160" mi="8" ci="0" mb="0" cb="0"/><line nr="162" mi="5" ci="0" mb="2" cb="0"/><line nr="163" mi="13" ci="0" mb="0" cb="0"/><line nr="164" mi="14" ci="0" mb="0" cb="0"/><line nr="166" mi="3" ci="0" mb="0" cb="0"/><line nr="168" mi="3" ci="0" mb="2" cb="0"/><line nr="169" mi="3" ci="0" mb="0" cb="0"/><line nr="170" mi="2" ci="0" mb="0" cb="0"/><line nr="172" mi="1" ci="0" mb="0" cb="0"/><line nr="175" mi="13" ci="0" mb="0" cb="0"/><line nr="176" mi="13" ci="0" mb="0" cb="0"/><line nr="177" mi="2" ci="0" mb="0" cb="0"/><line nr="178" mi="1" ci="0" mb="0" cb="0"/><line nr="181" mi="13" ci="0" mb="0" cb="0"/><line nr="182" mi="14" ci="0" mb="0" cb="0"/><line nr="184" mi="3" ci="0" mb="0" cb="0"/><line nr="185" mi="2" ci="0" mb="0" cb="0"/><line nr="186" mi="2" ci="0" mb="0" cb="0"/><line nr="188" mi="1" ci="0" mb="0" cb="0"/><line nr="189" mi="13" ci="0" mb="0" cb="0"/><line nr="190" mi="17" ci="0" mb="0" cb="0"/><line nr="191" mi="2" ci="0" mb="0" cb="0"/><line nr="192" mi="5" ci="0" mb="0" cb="0"/><line nr="204" mi="3" ci="0" mb="0" cb="0"/><line nr="206" mi="3" ci="0" mb="2" cb="0"/><line nr="207" mi="3" ci="0" mb="0" cb="0"/><line nr="208" mi="3" ci="0" mb="0" cb="0"/><line nr="209" mi="3" ci="0" mb="0" cb="0"/><line nr="210" mi="3" ci="0" mb="2" cb="0"/><line nr="211" mi="2" ci="0" mb="0" cb="0"/><line nr="215" mi="3" ci="0" mb="2" cb="0"/><line nr="216" mi="3" ci="0" mb="0" cb="0"/><line nr="217" mi="3" ci="0" mb="2" cb="0"/><line nr="218" mi="6" ci="0" mb="0" cb="0"/><line nr="219" mi="8" ci="0" mb="0" cb="0"/><line nr="220" mi="13" ci="0" mb="0" cb="0"/><line nr="221" mi="8" ci="0" mb="0" cb="0"/><line nr="222" mi="2" ci="0" mb="0" cb="0"/><line nr="226" mi="4" ci="0" mb="2" cb="0"/><line nr="227" mi="5" ci="0" mb="0" cb="0"/><line nr="228" mi="5" ci="0" mb="0" cb="0"/><line nr="229" mi="6" ci="0" mb="0" cb="0"/><line nr="230" mi="6" ci="0" mb="0" cb="0"/><line nr="231" mi="8" ci="0" mb="0" cb="0"/><line nr="232" mi="5" ci="0" mb="2" cb="0"/><line nr="233" mi="13" ci="0" mb="0" cb="0"/><line nr="234" mi="14" ci="0" mb="0" cb="0"/><line nr="236" mi="3" ci="0" mb="2" cb="0"/><line nr="237" mi="2" ci="0" mb="0" cb="0"/><line nr="241" mi="13" ci="0" mb="0" cb="0"/><line nr="242" mi="14" ci="0" mb="0" cb="0"/><line nr="243" mi="2" ci="0" mb="0" cb="0"/><line nr="244" mi="2" ci="0" mb="0" cb="0"/><line nr="245" mi="1" ci="0" mb="0" cb="0"/><line nr="246" mi="13" ci="0" mb="0" cb="0"/><line nr="247" mi="17" ci="0" mb="0" cb="0"/><line nr="248" mi="2" ci="0" mb="0" cb="0"/><line nr="249" mi="6" ci="0" mb="0" cb="0"/><line nr="258" mi="9" ci="0" mb="6" cb="0"/><line nr="259" mi="5" ci="0" mb="0" cb="0"/><line nr="261" mi="3" ci="0" mb="0" cb="0"/><line nr="266" mi="3" ci="0" mb="0" cb="0"/><line nr="268" mi="6" ci="0" mb="4" cb="0"/><line nr="269" mi="5" ci="0" mb="0" cb="0"/><line nr="272" mi="4" ci="0" mb="0" cb="0"/><line nr="273" mi="3" ci="0" mb="0" cb="0"/><line nr="274" mi="3" ci="0" mb="0" cb="0"/><line nr="276" mi="14" ci="0" mb="4" cb="0"/><line nr="277" mi="7" ci="0" mb="2" cb="0"/><line nr="278" mi="13" ci="0" mb="0" cb="0"/><line nr="281" mi="5" ci="0" mb="0" cb="0"/><line nr="286" mi="2" ci="0" mb="0" cb="0"/><line nr="287" mi="1" ci="0" mb="0" cb="0"/><line nr="295" mi="4" ci="0" mb="2" cb="0"/><line nr="296" mi="6" ci="0" mb="0" cb="0"/><line nr="297" mi="4" ci="0" mb="2" cb="0"/><line nr="298" mi="6" ci="0" mb="0" cb="0"/><line nr="300" mi="5" ci="0" mb="0" cb="0"/><line nr="301" mi="2" ci="0" mb="0" cb="0"/><line nr="312" mi="4" ci="0" mb="0" cb="0"/><line nr="313" mi="4" ci="0" mb="0" cb="0"/><line nr="315" mi="7" ci="0" mb="2" cb="0"/><line nr="317" mi="2" ci="0" mb="0" cb="0"/><line nr="318" mi="4" ci="0" mb="0" cb="0"/><line nr="319" mi="1" ci="0" mb="0" cb="0"/><line nr="320" mi="22" ci="0" mb="0" cb="0"/><line nr="321" mi="3" ci="0" mb="2" cb="0"/><line nr="322" mi="2" ci="0" mb="0" cb="0"/><line nr="324" mi="6" ci="0" mb="0" cb="0"/><line nr="325" mi="5" ci="0" mb="0" cb="0"/><line nr="326" mi="2" ci="0" mb="0" cb="0"/><line nr="329" mi="2" ci="0" mb="0" cb="0"/><line nr="339" mi="4" ci="0" mb="0" cb="0"/><line nr="340" mi="4" ci="0" mb="0" cb="0"/><line nr="342" mi="7" ci="0" mb="2" cb="0"/><line nr="344" mi="2" ci="0" mb="0" cb="0"/><line nr="345" mi="6" ci="0" mb="0" cb="0"/><line nr="346" mi="4" ci="0" mb="0" cb="0"/><line nr="347" mi="4" ci="0" mb="2" cb="0"/><line nr="348" mi="2" ci="0" mb="0" cb="0"/><line nr="352" mi="2" ci="0" mb="0" cb="0"/><line nr="353" mi="9" ci="0" mb="2" cb="0"/><line nr="354" mi="5" ci="0" mb="0" cb="0"/><line nr="356" mi="6" ci="0" mb="2" cb="0"/><line nr="357" mi="2" ci="0" mb="0" cb="0"/><line nr="359" mi="1" ci="0" mb="0" cb="0"/><line nr="360" mi="2" ci="0" mb="0" cb="0"/><line nr="361" mi="24" ci="0" mb="0" cb="0"/><line nr="362" mi="1" ci="0" mb="0" cb="0"/><line nr="365" mi="3" ci="0" mb="2" cb="0"/><line nr="366" mi="2" ci="0" mb="0" cb="0"/><line nr="368" mi="2" ci="0" mb="2" cb="0"/><line nr="369" mi="2" ci="0" mb="0" cb="0"/><line nr="371" mi="1" ci="0" mb="0" cb="0"/><line nr="372" mi="22" ci="0" mb="0" cb="0"/><line nr="373" mi="3" ci="0" mb="2" cb="0"/><line nr="374" mi="2" ci="0" mb="0" cb="0"/><line nr="376" mi="6" ci="0" mb="0" cb="0"/><line nr="377" mi="5" ci="0" mb="0" cb="0"/><line nr="378" mi="2" ci="0" mb="0" cb="0"/><line nr="379" mi="1" ci="0" mb="0" cb="0"/><line nr="381" mi="2" ci="0" mb="0" cb="0"/><line nr="392" mi="5" ci="0" mb="0" cb="0"/><line nr="393" mi="3" ci="0" mb="0" cb="0"/><line nr="394" mi="3" ci="0" mb="0" cb="0"/><line nr="395" mi="2" ci="0" mb="0" cb="0"/><line nr="396" mi="7" ci="0" mb="0" cb="0"/><line nr="399" mi="6" ci="0" mb="0" cb="0"/><line nr="400" mi="5" ci="0" mb="0" cb="0"/><line nr="401" mi="4" ci="0" mb="0" cb="0"/><line nr="402" mi="4" ci="0" mb="0" cb="0"/><line nr="403" mi="3" ci="0" mb="0" cb="0"/><line nr="404" mi="3" ci="0" mb="0" cb="0"/><line nr="406" mi="4" ci="0" mb="2" cb="0"/><line nr="407" mi="5" ci="0" mb="0" cb="0"/><line nr="409" mi="7" ci="0" mb="2" cb="0"/><line nr="417" mi="4" ci="0" mb="2" cb="0"/><line nr="418" mi="5" ci="0" mb="0" cb="0"/><line nr="419" mi="2" ci="0" mb="0" cb="0"/><line nr="421" mi="6" ci="0" mb="0" cb="0"/><line nr="422" mi="9" ci="0" mb="0" cb="0"/><line nr="423" mi="9" ci="0" mb="0" cb="0"/><line nr="424" mi="12" ci="0" mb="0" cb="0"/><line nr="426" mi="2" ci="0" mb="0" cb="0"/><line nr="427" mi="1" ci="0" mb="0" cb="0"/><line nr="428" mi="2" ci="0" mb="0" cb="0"/><line nr="429" mi="2" ci="0" mb="0" cb="0"/><line nr="430" mi="1" ci="0" mb="0" cb="0"/><line nr="431" mi="2" ci="0" mb="0" cb="0"/><line nr="433" mi="3" ci="0" mb="0" cb="0"/><line nr="434" mi="1" ci="0" mb="0" cb="0"/><line nr="435" mi="5" ci="0" mb="0" cb="0"/><line nr="436" mi="2" ci="0" mb="0" cb="0"/><line nr="447" mi="3" ci="0" mb="0" cb="0"/><line nr="448" mi="3" ci="0" mb="0" cb="0"/><line nr="449" mi="4" ci="0" mb="0" cb="0"/><line nr="450" mi="4" ci="0" mb="0" cb="0"/><line nr="451" mi="17" ci="0" mb="0" cb="0"/><line nr="454" mi="5" ci="0" mb="0" cb="0"/><line nr="455" mi="3" ci="0" mb="0" cb="0"/><line nr="456" mi="3" ci="0" mb="0" cb="0"/><line nr="457" mi="2" ci="0" mb="0" cb="0"/><line nr="458" mi="7" ci="0" mb="0" cb="0"/><line nr="461" mi="6" ci="0" mb="0" cb="0"/><line nr="462" mi="5" ci="0" mb="0" cb="0"/><line nr="463" mi="4" ci="0" mb="0" cb="0"/><line nr="464" mi="4" ci="0" mb="0" cb="0"/><line nr="465" mi="3" ci="0" mb="0" cb="0"/><line nr="466" mi="3" ci="0" mb="0" cb="0"/><line nr="469" mi="4" ci="0" mb="2" cb="0"/><line nr="470" mi="5" ci="0" mb="0" cb="0"/><line nr="473" mi="17" ci="0" mb="0" cb="0"/><line nr="474" mi="2" ci="0" mb="0" cb="0"/><line nr="475" mi="2" ci="0" mb="0" cb="0"/><line nr="483" mi="3" ci="0" mb="2" cb="0"/><line nr="484" mi="3" ci="0" mb="0" cb="0"/><line nr="486" mi="1" ci="0" mb="0" cb="0"/><line nr="487" mi="7" ci="0" mb="0" cb="0"/><line nr="489" mi="3" ci="0" mb="0" cb="0"/><line nr="490" mi="3" ci="0" mb="0" cb="0"/><line nr="491" mi="3" ci="0" mb="0" cb="0"/><line nr="492" mi="3" ci="0" mb="0" cb="0"/><line nr="493" mi="3" ci="0" mb="0" cb="0"/><line nr="494" mi="3" ci="0" mb="0" cb="0"/><line nr="495" mi="3" ci="0" mb="0" cb="0"/><line nr="497" mi="1" ci="0" mb="0" cb="0"/><line nr="508" mi="4" ci="0" mb="2" cb="0"/><line nr="509" mi="2" ci="0" mb="0" cb="0"/><line nr="513" mi="5" ci="0" mb="0" cb="0"/><line nr="514" mi="2" ci="0" mb="2" cb="0"/><line nr="515" mi="2" ci="0" mb="0" cb="0"/><line nr="517" mi="4" ci="0" mb="0" cb="0"/><line nr="518" mi="2" ci="0" mb="2" cb="0"/><line nr="519" mi="2" ci="0" mb="0" cb="0"/><line nr="521" mi="5" ci="0" mb="0" cb="0"/><line nr="522" mi="2" ci="0" mb="2" cb="0"/><line nr="523" mi="2" ci="0" mb="0" cb="0"/><line nr="525" mi="4" ci="0" mb="0" cb="0"/><line nr="526" mi="2" ci="0" mb="2" cb="0"/><line nr="527" mi="2" ci="0" mb="0" cb="0"/><line nr="529" mi="6" ci="0" mb="2" cb="0"/><line nr="530" mi="9" ci="0" mb="2" cb="0"/><line nr="532" mi="4" ci="0" mb="0" cb="0"/><line nr="533" mi="2" ci="0" mb="2" cb="0"/><line nr="534" mi="2" ci="0" mb="0" cb="0"/><line nr="536" mi="4" ci="0" mb="0" cb="0"/><line nr="537" mi="2" ci="0" mb="2" cb="0"/><line nr="538" mi="2" ci="0" mb="0" cb="0"/><line nr="540" mi="4" ci="0" mb="0" cb="0"/><line nr="541" mi="2" ci="0" mb="2" cb="0"/><line nr="542" mi="2" ci="0" mb="0" cb="0"/><line nr="544" mi="4" ci="0" mb="0" cb="0"/><line nr="545" mi="2" ci="0" mb="2" cb="0"/><line nr="546" mi="2" ci="0" mb="0" cb="0"/><line nr="548" mi="4" ci="0" mb="0" cb="0"/><line nr="549" mi="2" ci="0" mb="2" cb="0"/><line nr="550" mi="2" ci="0" mb="0" cb="0"/><line nr="552" mi="4" ci="0" mb="0" cb="0"/><line nr="553" mi="2" ci="0" mb="2" cb="0"/><line nr="554" mi="2" ci="0" mb="0" cb="0"/><line nr="556" mi="3" ci="0" mb="2" cb="0"/><line nr="557" mi="2" ci="0" mb="0" cb="0"/><line nr="559" mi="4" ci="0" mb="0" cb="0"/><line nr="564" mi="6" ci="0" mb="2" cb="0"/><line nr="565" mi="4" ci="0" mb="0" cb="0"/><line nr="566" mi="2" ci="0" mb="2" cb="0"/><line nr="567" mi="7" ci="0" mb="4" cb="0"/><line nr="568" mi="3" ci="0" mb="0" cb="0"/><line nr="569" mi="4" ci="0" mb="0" cb="0"/><line nr="570" mi="4" ci="0" mb="0" cb="0"/><line nr="574" mi="3" ci="0" mb="0" cb="0"/><line nr="576" mi="6" ci="0" mb="2" cb="0"/><line nr="577" mi="4" ci="0" mb="0" cb="0"/><line nr="578" mi="2" ci="0" mb="2" cb="0"/><line nr="579" mi="7" ci="0" mb="3" cb="0"/><line nr="580" mi="3" ci="0" mb="0" cb="0"/><line nr="581" mi="4" ci="0" mb="0" cb="0"/><line nr="585" mi="3" ci="0" mb="0" cb="0"/><line nr="587" mi="6" ci="0" mb="2" cb="0"/><line nr="588" mi="4" ci="0" mb="0" cb="0"/><line nr="589" mi="2" ci="0" mb="2" cb="0"/><line nr="590" mi="7" ci="0" mb="4" cb="0"/><line nr="591" mi="4" ci="0" mb="0" cb="0"/><line nr="592" mi="4" ci="0" mb="0" cb="0"/><line nr="593" mi="4" ci="0" mb="0" cb="0"/><line nr="597" mi="3" ci="0" mb="0" cb="0"/><line nr="599" mi="6" ci="0" mb="2" cb="0"/><line nr="600" mi="5" ci="0" mb="0" cb="0"/><line nr="602" mi="2" ci="0" mb="0" cb="0"/><line nr="607" mi="6" ci="0" mb="2" cb="0"/><line nr="608" mi="5" ci="0" mb="0" cb="0"/><line nr="610" mi="6" ci="0" mb="2" cb="0"/><line nr="611" mi="5" ci="0" mb="0" cb="0"/><line nr="613" mi="2" ci="0" mb="0" cb="0"/><line nr="618" mi="6" ci="0" mb="2" cb="0"/><line nr="619" mi="6" ci="0" mb="0" cb="0"/><line nr="621" mi="6" ci="0" mb="2" cb="0"/><line nr="622" mi="6" ci="0" mb="0" cb="0"/><line nr="624" mi="2" ci="0" mb="0" cb="0"/><line nr="629" mi="6" ci="0" mb="2" cb="0"/><line nr="630" mi="6" ci="0" mb="0" cb="0"/><line nr="632" mi="6" ci="0" mb="2" cb="0"/><line nr="633" mi="6" ci="0" mb="0" cb="0"/><line nr="635" mi="2" ci="0" mb="0" cb="0"/><line nr="640" mi="6" ci="0" mb="2" cb="0"/><line nr="641" mi="5" ci="0" mb="0" cb="0"/><line nr="643" mi="6" ci="0" mb="2" cb="0"/><line nr="644" mi="8" ci="0" mb="0" cb="0"/><line nr="646" mi="2" ci="0" mb="0" cb="0"/><line nr="651" mi="6" ci="0" mb="2" cb="0"/><line nr="652" mi="5" ci="0" mb="0" cb="0"/><line nr="654" mi="6" ci="0" mb="2" cb="0"/><line nr="655" mi="5" ci="0" mb="0" cb="0"/><line nr="657" mi="6" ci="0" mb="2" cb="0"/><line nr="658" mi="5" ci="0" mb="0" cb="0"/><line nr="660" mi="6" ci="0" mb="2" cb="0"/><line nr="661" mi="5" ci="0" mb="0" cb="0"/><line nr="663" mi="2" ci="0" mb="0" cb="0"/><line nr="668" mi="6" ci="0" mb="2" cb="0"/><line nr="669" mi="7" ci="0" mb="0" cb="0"/><line nr="671" mi="6" ci="0" mb="2" cb="0"/><line nr="672" mi="7" ci="0" mb="0" cb="0"/><line nr="674" mi="6" ci="0" mb="2" cb="0"/><line nr="675" mi="7" ci="0" mb="0" cb="0"/><line nr="677" mi="6" ci="0" mb="2" cb="0"/><line nr="678" mi="7" ci="0" mb="0" cb="0"/><line nr="680" mi="6" ci="0" mb="2" cb="0"/><line nr="681" mi="5" ci="0" mb="0" cb="0"/><line nr="683" mi="6" ci="0" mb="2" cb="0"/><line nr="684" mi="5" ci="0" mb="0" cb="0"/><line nr="686" mi="6" ci="0" mb="2" cb="0"/><line nr="687" mi="7" ci="0" mb="0" cb="0"/><line nr="689" mi="6" ci="0" mb="2" cb="0"/><line nr="690" mi="7" ci="0" mb="0" cb="0"/><line nr="692" mi="2" ci="0" mb="0" cb="0"/><line nr="697" mi="6" ci="0" mb="2" cb="0"/><line nr="698" mi="4" ci="0" mb="0" cb="0"/><line nr="700" mi="6" ci="0" mb="2" cb="0"/><line nr="701" mi="4" ci="0" mb="0" cb="0"/><line nr="703" mi="6" ci="0" mb="2" cb="0"/><line nr="704" mi="4" ci="0" mb="0" cb="0"/><line nr="706" mi="2" ci="0" mb="0" cb="0"/><line nr="711" mi="6" ci="0" mb="2" cb="0"/><line nr="712" mi="5" ci="0" mb="0" cb="0"/><line nr="714" mi="6" ci="0" mb="2" cb="0"/><line nr="715" mi="5" ci="0" mb="0" cb="0"/><line nr="717" mi="6" ci="0" mb="2" cb="0"/><line nr="718" mi="5" ci="0" mb="0" cb="0"/><line nr="720" mi="6" ci="0" mb="2" cb="0"/><line nr="721" mi="5" ci="0" mb="0" cb="0"/><line nr="723" mi="2" ci="0" mb="0" cb="0"/><line nr="728" mi="6" ci="0" mb="2" cb="0"/><line nr="729" mi="4" ci="0" mb="0" cb="0"/><line nr="731" mi="6" ci="0" mb="2" cb="0"/><line nr="732" mi="5" ci="0" mb="0" cb="0"/><line nr="734" mi="6" ci="0" mb="2" cb="0"/><line nr="735" mi="4" ci="0" mb="0" cb="0"/><line nr="737" mi="2" ci="0" mb="0" cb="0"/><line nr="741" mi="2" ci="0" mb="2" cb="0"/><line nr="742" mi="2" ci="0" mb="0" cb="0"/><line nr="744" mi="11" ci="0" mb="4" cb="0"/><line nr="745" mi="7" ci="0" mb="0" cb="0"/><line nr="747" mi="3" ci="0" mb="0" cb="0"/><line nr="754" mi="3" ci="0" mb="0" cb="0"/><line nr="761" mi="5" ci="0" mb="4" cb="0"/><line nr="762" mi="2" ci="0" mb="0" cb="0"/><line nr="764" mi="5" ci="0" mb="0" cb="0"/><line nr="765" mi="7" ci="0" mb="0" cb="0"/><line nr="766" mi="7" ci="0" mb="2" cb="0"/><line nr="767" mi="14" ci="0" mb="0" cb="0"/><line nr="769" mi="4" ci="0" mb="2" cb="0"/><line nr="770" mi="4" ci="0" mb="0" cb="0"/><line nr="772" mi="3" ci="0" mb="0" cb="0"/><counter type="INSTRUCTION" missed="1871" covered="0"/><counter type="BRANCH" missed="205" covered="0"/><counter type="LINE" missed="396" covered="0"/><counter type="COMPLEXITY" missed="137" covered="0"/><counter type="METHOD" missed="32" covered="0"/><counter type="CLASS" missed="1" covered="0"/></sourcefile><sourcefile name="FlightPartitionReaderFactory.java"><line nr="23" mi="0" ci="4" mb="0" cb="0"/><line nr="31" mi="0" ci="2" mb="0" cb="0"/><line nr="32" mi="0" ci="3" mb="0" cb="0"/><
[...]
overed="0"/><counter type="METHOD" missed="1" covered="0"/></method><counter type="INSTRUCTION" missed="110" covered="0"/><counter type="BRANCH" missed="6" covered="0"/><counter type="LINE" missed="18" covered="0"/><counter type="COMPLEXITY" missed="7" covered="0"/><counter type="METHOD" missed="4" covered="0"/><counter type="CLASS" missed="1" covered="0"/></class><class name="net/surpin/data/arrowflight/client/spark/write/FlightWriteBuilder" sourcefilename="FlightWriteBuilder.java"><method name="&lt;init&gt;" desc="(Lnet/surpin/data/arrowflight/client/Configuration;Lnet/surpin/data/arrowflight/client/model/Table;Lorg/apache/spark/sql/types/StructType;Lnet/surpin/data/arrowflight/client/write/WriteBehavior;)V" line="27"><counter type="INSTRUCTION" missed="15" covered="0"/><counter type="LINE" missed="6" covered="0"/><counter type="COMPLEXITY" missed="1" covered="0"/><counter type="METHOD" missed="1" covered="0"/></method><method name="build" desc="()Lorg/apache/spark/sql/connector/write/Write;" line="36"><counter type="INSTRUCTION" missed="12" covered="0"/><counter type="LINE" missed="1" covered="0"/><counter type="COMPLEXITY" missed="1" covered="0"/><counter type="METHOD" missed="1" covered="0"/></method><method name="truncate" desc="()Lorg/apache/spark/sql/connector/write/WriteBuilder;" line="45"><counter type="INSTRUCTION" missed="5" covered="0"/><counter type="LINE" missed="2" covered="0"/><counter type="COMPLEXITY" missed="1" covered="0"/><counter type="METHOD" missed="1" covered="0"/></method><counter type="INSTRUCTION" missed="32" covered="0"/><counter type="LINE" missed="9" covered="0"/><counter type="COMPLEXITY" missed="3" covered="0"/><counter type="METHOD" missed="3" covered="0"/><counter type="CLASS" missed="1" covered="0"/></class><class name="net/surpin/data/arrowflight/client/spark/write/FlightWriterCommitMessage" sourcefilename="FlightWriterCommitMessage.java"><method name="&lt;init&gt;" desc="(IJJ)V" line="21"><counter type="INSTRUCTION" missed="0" covered="15"/><counter type="LINE" missed="0" covered="6"/><counter type="COMPLEXITY" missed="0" covered="1"/><counter type="METHOD" missed="0" covered="1"/></method><method name="&lt;init&gt;" desc="(IJLjava/lang/String;J)V" line="35"><counter type="INSTRUCTION" missed="0" covered="15"/><counter type="LINE" missed="0" covered="6"/><counter type="COMPLEXITY" missed="0" covered="1"/><counter type="METHOD" missed="0" covered="1"/></method><method name="&lt;init&gt;" desc="(Lnet/surpin/data/arrowflight/client/spark/write/FlightWriterCommitMessage;J)V" line="47"><counter type="INSTRUCTION" missed="0" covered="19"/><counter type="LINE" missed="0" covered="6"/><counter type="COMPLEXITY" missed="0" covered="1"/><counter type="METHOD" missed="0" covered="1"/></method><method name="getMessage" desc="()Ljava/lang/String;" line="59"><counter type="INSTRUCTION" missed="0" covered="58"/><counter type="BRANCH" missed="1" covered="3"/><counter type="LINE" missed="0" covered="2"/><counter type="COMPLEXITY" missed="1" covered="2"/><counter type="METHOD" missed="0" covered="1"/></method><counter type="INSTRUCTION" missed="0" covered="107"/><counter type="BRANCH" missed="1" covered="3"/><counter type="LINE" missed="0" covered="20"/><counter type="COMPLEXITY" missed="1" covered="5"/><counter type="METHOD" missed="0" covered="4"/><counter type="CLASS" missed="0" covered="1"/></class><class name="net/surpin/data/arrowflight/client/spark/write/FlightWrite" sourcefilename="FlightWrite.java"><method name="&lt;init&gt;" desc="(Lnet/surpin/data/arrowflight/client/Configuration;Lnet/surpin/data/arrowflight/client/model/Table;Lorg/apache/spark/sql/types/StructType;Lnet/surpin/data/arrowflight/client/write/WriteBehavior;)V" line="20"><counter type="INSTRUCTION" missed="26" covered="0"/><counter type="LINE" missed="9" covered="0"/><counter type="COMPLEXITY" missed="1" covered="0"/><counter type="METHOD" missed="1" covered="0"/></method><method name="useCommitCoordinator" desc="()Z" line="43"><counter type="INSTRUCTION" missed="2" covered="0"/><counter type="LINE" missed="1" covered="0"/><counter type="COMPLEXITY" missed="1" covered="0"/><counter type="METHOD" missed="1" covered="0"/></method><method name="toBatch" desc="()Lorg/apache/spark/sql/connector/write/BatchWrite;" line="48"><counter type="INSTRUCTION" missed="2" covered="0"/><counter type="LINE" missed="1" covered="0"/><counter type="COMPLEXITY" missed="1" covered="0"/><counter type="METHOD" missed="1" covered="0"/></method><method name="toStreaming" desc="()Lorg/apache/spark/sql/connector/write/streaming/StreamingWrite;" line="53"><counter type="INSTRUCTION" missed="2" covered="0"/><counter type="LINE" missed="1" covered="0"/><counter type="COMPLEXITY" missed="1" covered="0"/><counter type="METHOD" missed="1" covered="0"/></method><method name="createBatchWriterFactory" desc="(Lorg/apache/spark/sql/connector/write/PhysicalWriteInfo;)Lorg/apache/spark/sql/connector/write/DataWriterFactory;" line="58"><counter type="INSTRUCTION" missed="12" covered="0"/><counter type="LINE" missed="1" covered="0"/><counter type="COMPLEXITY" missed="1" covered="0"/><counter type="METHOD" missed="1" covered="0"/></method><method name="onDataWriterCommit" desc="(Lorg/apache/spark/sql/connector/write/WriterCommitMessage;)V" line="63"><counter type="INSTRUCTION" missed="4" covered="0"/><counter type="LINE" missed="2" covered="0"/><counter type="COMPLEXITY" missed="1" covered="0"/><counter type="METHOD" missed="1" covered="0"/></method><method name="commit" desc="([Lorg/apache/spark/sql/connector/write/WriterCommitMessage;)V" line="68"><counter type="INSTRUCTION" missed="13" covered="0"/><counter type="BRANCH" missed="2" covered="0"/><counter type="LINE" missed="3" covered="0"/><counter type="COMPLEXITY" missed="2" covered="0"/><counter type="METHOD" missed="1" covered="0"/></method><method name="abort" desc="([Lorg/apache/spark/sql/connector/write/WriterCommitMessage;)V" line="75"><counter type="INSTRUCTION" missed="9" covered="0"/><counter type="LINE" missed="2" covered="0"/><counter type="COMPLEXITY" missed="1" covered="0"/><counter type="METHOD" missed="1" covered="0"/></method><method name="createStreamingWriterFactory" desc="(Lorg/apache/spark/sql/connector/write/PhysicalWriteInfo;)Lorg/apache/spark/sql/connector/write/streaming/StreamingDataWriterFactory;" line="80"><counter type="INSTRUCTION" missed="12" covered="0"/><counter type="LINE" missed="1" covered="0"/><counter type="COMPLEXITY" missed="1" covered="0"/><counter type="METHOD" missed="1" covered="0"/></method><method name="commit" desc="(J[Lorg/apache/spark/sql/connector/write/WriterCommitMessage;)V" line="85"><counter type="INSTRUCTION" missed="19" covered="0"/><counter type="BRANCH" missed="2" covered="0"/><counter type="LINE" missed="3" covered="0"/><counter type="COMPLEXITY" missed="2" covered="0"/><counter type="METHOD" missed="1" covered="0"/></method><method name="abort" desc="(J[Lorg/apache/spark/sql/connector/write/WriterCommitMessage;)V" line="92"><counter type="INSTRUCTION" missed="15" covered="0"/><counter type="LINE" missed="2" covered="0"/><counter type="COMPLEXITY" missed="1" covered="0"/><counter type="METHOD" missed="1" covered="0"/></method><method name="lambda$new$5" desc="(Ljava/lang/Long;[Lorg/apache/spark/sql/connector/write/WriterCommitMessage;)[Lorg/apache/spark/sql/connector/write/WriterCommitMessage;" line="101"><counter type="INSTRUCTION" missed="9" covered="0"/><counter type="LINE" missed="1" covered="0"/><counter type="COMPLEXITY" missed="1" covered="0"/><counter type="METHOD" missed="1" covered="0"/></method><method name="lambda$new$4" desc="(I)[Lorg/apache/spark/sql/connector/write/WriterCommitMessage;" line="101"><counter type="INSTRUCTION" missed="3" covered="0"/><counter type="LINE" missed="1" covered="0"/><counter type="COMPLEXITY" missed="1" covered="0"/><counter type="METHOD" missed="1" covered="0"/></method><method name="lambda$new$3" desc="(Ljava/lang/Long;Lorg/apache/spark/sql/connector/write/WriterCommitMessage;)Lorg/apache/spark/sql/connector/write/WriterCommitMessage;" line="101"><counter type="INSTRUCTION" missed="13" covered="0"/><counter type="BRANCH" missed="2" covered="0"/><counter type="LINE" missed="1" covered="0"/><counter type="COMPLEXITY" missed="2" covered="0"/><counter type="METHOD" missed="1" covered="0"/></method><method name="lambda$new$2" desc="([Lorg/apache/spark/sql/connector/write/WriterCommitMessage;)Ljava/lang/String;" line="97"><counter type="INSTRUCTION" missed="12" covered="0"/><counter type="LINE" missed="2" covered="0"/><counter type="COMPLEXITY" missed="1" covered="0"/><counter type="METHOD" missed="1" covered="0"/></method><method name="lambda$new$1" desc="(I)[Ljava/lang/String;" line="97"><counter type="INSTRUCTION" missed="3" covered="0"/><counter type="LINE" missed="1" covered="0"/><counter type="COMPLEXITY" missed="1" covered="0"/><counter type="METHOD" missed="1" covered="0"/></method><method name="lambda$new$0" desc="(Lorg/apache/spark/sql/connector/write/WriterCommitMessage;)Ljava/lang/String;" line="97"><counter type="INSTRUCTION" missed="9" covered="0"/><counter type="BRANCH" missed="2" covered="0"/><counter type="LINE" missed="1" covered="0"/><counter type="COMPLEXITY" missed="2" covered="0"/><counter type="METHOD" missed="1" covered="0"/></method><counter type="INSTRUCTION" missed="165" covered="0"/><counter type="BRANCH" missed="8" covered="0"/><counter type="LINE" missed="28" covered="0"/><counter type="COMPLEXITY" missed="21" covered="0"/><counter type="METHOD" missed="17" covered="0"/><counter type="CLASS" missed="1" covered="0"/></class><class name="net/surpin/data/arrowflight/client/spark/write/FlightWriteAbortException" sourcefilename="FlightWriteAbortException.java"><method name="&lt;init&gt;" desc="(IJJ)V" line="17"><counter type="INSTRUCTION" missed="0" covered="7"/><counter type="LINE" missed="0" covered="2"/><counter type="COMPLEXITY" missed="0" covered="1"/><counter type="METHOD" missed="0" covered="1"/></method><method name="&lt;init&gt;" desc="(IJLjava/lang/String;J)V" line="28"><counter type="INSTRUCTION" missed="0" covered="8"/><counter type="LINE" missed="0" covered="2"/><counter type="COMPLEXITY" missed="0" covered="1"/><counter type="METHOD" missed="0" covered="1"/></method><method name="getMessage" desc="(IJJ)Ljava/lang/String;" line="38"><counter type="INSTRUCTION" missed="0" covered="20"/><counter type="LINE" missed="0" covered="1"/><counter type="COMPLEXITY" missed="0" covered="1"/><counter type="METHOD" missed="0" covered="1"/></method><method name="getMessage" desc="(IJLjava/lang/String;J)Ljava/lang/String;" line="49"><counter type="INSTRUCTION" missed="0" covered="24"/><counter type="LINE" missed="0" covered="1"/><counter type="COMPLEXITY" missed="0" covered="1"/><counter type="METHOD" missed="0" covered="1"/></method><counter type="INSTRUCTION" missed="0" covered="59"/><counter type="LINE" missed="0" covered="6"/><counter type="COMPLEXITY" missed="0" covered="4"/><counter type="METHOD" missed="0" covered="4"/><counter type="CLASS" missed="0" covered="1"/></class><sourcefile name="FlightWrite.java"><line nr="20" mi="5" ci="0" mb="0" cb="0"/><line nr="34" mi="2" ci="0" mb="0" cb="0"/><line nr="35" mi="3" ci="0" mb="0" cb="0"/><line nr="36" mi="3" ci="0" mb="0" cb="0"/><line nr="37" mi="3" ci="0" mb="0" cb="0"/><line nr="38" mi="3" ci="0" mb="0" cb="0"/><line nr="39" mi="1" ci="0" mb="0" cb="0"/><line nr="43" mi="2" ci="0" mb="0" cb="0"/><line nr="48" mi="2" ci="0" mb="0" cb="0"/><line nr="53" mi="2" ci="0" mb="0" cb="0"/><line nr="58" mi="12" ci="0" mb="0" cb="0"/><line nr="63" mi="3" ci="0" mb="0" cb="0"/><line nr="64" mi="1" ci="0" mb="0" cb="0"/><line nr="68" mi="4" ci="0" mb="2" cb="0"/><line nr="69" mi="8" ci="0" mb="0" cb="0"/><line nr="71" mi="1" ci="0" mb="0" cb="0"/><line nr="75" mi="8" ci="0" mb="0" cb="0"/><line nr="76" mi="1" ci="0" mb="0" cb="0"/><line nr="80" mi="12" ci="0" mb="0" cb="0"/><line nr="85" mi="4" ci="0" mb="2" cb="0"/><line nr="86" mi="14" ci="0" mb="0" cb="0"/><line nr="88" mi="1" ci="0" mb="0" cb="0"/><line nr="92" mi="14" ci="0" mb="0" cb="0"/><line nr="93" mi="1" ci="0" mb="0" cb="0"/><line nr="96" mi="3" ci="0" mb="0" cb="0"/><line nr="97" mi="20" ci="0" mb="2" cb="0"/><line nr="98" mi="4" ci="0" mb="0" cb="0"/><line nr="101" mi="28" ci="0" mb="2" cb="0"/><counter type="INSTRUCTION" missed="165" covered="0"/><counter type="BRANCH" missed="8" covered="0"/><counter type="LINE" missed="28" covered="0"/><counter type="COMPLEXITY" missed="21" covered="0"/><counter type="METHOD" missed="17" covered="0"/><counter type="CLASS" missed="1" covered="0"/></sourcefile><sourcefile name="FlightWriteBuilder.java"><line nr="27" mi="2" ci="0" mb="0" cb="0"/><line nr="28" mi="3" ci="0" mb="0" cb="0"/><line nr="29" mi="3" ci="0" mb="0" cb="0"/><line nr="30" mi="3" ci="0" mb="0" cb="0"/><line nr="31" mi="3" ci="0" mb="0" cb="0"/><line nr="32" mi="1" ci="0" mb="0" cb="0"/><line nr="36" mi="12" ci="0" mb="0" cb="0"/><line nr="45" mi="3" ci="0" mb="0" cb="0"/><line nr="46" mi="2" ci="0" mb="0" cb="0"/><counter type="INSTRUCTION" missed="32" covered="0"/><counter type="LINE" missed="9" covered="0"/><counter type="COMPLEXITY" missed="3" covered="0"/><counter type="METHOD" missed="3" covered="0"/><counter type="CLASS" missed="1" covered="0"/></sourcefile><sourcefile name="FlightDataWriterFactory.java"><line nr="34" mi="2" ci="0" mb="0" cb="0"/><line nr="35" mi="3" ci="0" mb="0" cb="0"/><line nr="36" mi="8" ci="0" mb="4" cb="0"/><line nr="37" mi="13" ci="0" mb="0" cb="0"/><line nr="38" mi="15" ci="0" mb="0" cb="0"/><line nr="39" mi="4" ci="0" mb="0" cb="0"/><line nr="40" mi="4" ci="0" mb="0" cb="0"/><line nr="43" mi="4" ci="0" mb="2" cb="0"/><line nr="44" mi="4" ci="0" mb="0" cb="0"/><line nr="46" mi="1" ci="0" mb="0" cb="0"/><line nr="54" mi="5" ci="0" mb="0" cb="0"/><line nr="55" mi="1" ci="0" mb="0" cb="0"/><line nr="56" mi="10" ci="0" mb="0" cb="0"/><line nr="57" mi="5" ci="0" mb="0" cb="0"/><line nr="58" mi="1" ci="0" mb="0" cb="0"/><line nr="59" mi="1" ci="0" mb="0" cb="0"/><line nr="69" mi="14" ci="0" mb="0" cb="0"/><line nr="81" mi="15" ci="0" mb="0" cb="0"/><counter type="INSTRUCTION" missed="110" covered="0"/><counter type="BRANCH" missed="6" covered="0"/><counter type="LINE" missed="18" covered="0"/><counter type="COMPLEXITY" missed="7" covered="0"/><counter type="METHOD" missed="4" covered="0"/><counter type="CLASS" missed="1" covered="0"/></sourcefile><sourcefile name="FlightWriterCommitMessage.java"><line nr="21" mi="0" ci="2" mb="0" cb="0"/><line nr="22" mi="0" ci="3" mb="0" cb="0"/><line nr="23" mi="0" ci="3" mb="0" cb="0"/><line nr="24" mi="0" ci="3" mb="0" cb="0"/><line nr="25" mi="0" ci="3" mb="0" cb="0"/><line nr="26" mi="0" ci="1" mb="0" cb="0"/><line nr="35" mi="0" ci="2" mb="0" cb="0"/><line nr="36" mi="0" ci="3" mb="0" cb="0"/><line nr="37" mi="0" ci="3" mb="0" cb="0"/><line nr="38" mi="0" ci="3" mb="0" cb="0"/><line nr="39" mi="0" ci="3" mb="0" cb="0"/><line nr="40" mi="0" ci="1" mb="0" cb="0"/><line nr="47" mi="0" ci="2" mb="0" cb="0"/><line nr="48" mi="0" ci="4" mb="0" cb="0"/><line nr="49" mi="0" ci="4" mb="0" cb="0"/><line nr="50" mi="0" ci="4" mb="0" cb="0"/><line nr="51" mi="0" ci="4" mb="0" cb="0"/><line nr="52" mi="0" ci="1" mb="0" cb="0"/><line nr="59" mi="0" ci="31" mb="1" cb="3"/><line nr="60" mi="0" ci="27" mb="0" cb="0"/><counter type="INSTRUCTION" missed="0" covered="107"/><counter type="BRANCH" missed="1" covered="3"/><counter type="LINE" missed="0" covered="20"/><counter type="COMPLEXITY" missed="1" covered="5"/><counter type="METHOD" missed="0" covered="4"/><counter type="CLASS" missed="0" covered="1"/></sourcefile><sourcefile name="FlightWriteAbortException.java"><line nr="17" mi="0" ci="6" mb="0" cb="0"/><line nr="18" mi="0" ci="1" mb="0" cb="0"/><line nr="28" mi="0" ci="7" mb="0" cb="0"/><line nr="29" mi="0" ci="1" mb="0" cb="0"/><line nr="38" mi="0" ci="20" mb="0" cb="0"/><line nr="49" mi="0" ci="24" mb="0" cb="0"/><counter type="INSTRUCTION" missed="0" covered="59"/><counter type="LINE" missed="0" covered="6"/><counter type="COMPLEXITY" missed="0" covered="4"/><counter type="METHOD" missed="0" covered="4"/><counter type="CLASS" missed="0" covered="1"/></sourcefile><sourcefile name="FlightDataWriter.java"><line nr="38" mi="3" ci="0" mb="0" cb="0"/><line nr="39" mi="3" ci="0" mb="0" cb="0"/><line nr="40" mi="3" ci="0" mb="0" cb="0"/><line nr="41" mi="3" ci="0" mb="0" cb="0"/><line nr="44" mi="3" ci="0" mb="0" cb="0"/><line nr="56" mi="6" ci="0" mb="0" cb="0"/><line nr="57" mi="3" ci="0" mb="0" cb="0"/><line nr="58" mi="3" ci="0" mb="0" cb="0"/><line nr="59" mi="3" ci="0" mb="0" cb="0"/><line nr="60" mi="1" ci="0" mb="0" cb="0"/><line nr="73" mi="6" ci="0" mb="0" cb="0"/><line nr="74" mi="3" ci="0" mb="0" cb="0"/><line nr="75" mi="3" ci="0" mb="0" cb="0"/><line nr="76" mi="4" ci="0" mb="0" cb="0"/><line nr="77" mi="1" ci="0" mb="0" cb="0"/><line nr="86" mi="2" ci="0" mb="0" cb="0"/><line nr="87" mi="3" ci="0" mb="0" cb="0"/><line nr="88" mi="3" ci="0" mb="0" cb="0"/><line nr="90" mi="5" ci="0" mb="0" cb="0"/><line nr="91" mi="4" ci="0" mb="0" cb="0"/><line nr="92" mi="3" ci="0" mb="2" cb="0"/><line nr="93" mi="8" ci="0" mb="0" cb="0"/><line nr="94" mi="5" ci="0" mb="0" cb="0"/><line nr="95" mi="9" ci="0" mb="0" cb="0"/><line nr="96" mi="9" ci="0" mb="0" cb="0"/><line nr="97" mi="4" ci="0" mb="0" cb="0"/><line nr="100" mi="5" ci="0" mb="0" cb="0"/><line nr="101" mi="1" ci="0" mb="0" cb="0"/><line nr="102" mi="6" ci="0" mb="0" cb="0"/><line nr="103" mi="1" ci="0" mb="0" cb="0"/><line nr="105" mi="5" ci="0" mb="0" cb="0"/><line nr="106" mi="1" ci="0" mb="0" cb="0"/><line nr="115" mi="6" ci="0" mb="0" cb="0"/><line nr="116" mi="6" ci="0" mb="2" cb="0"/><line nr="117" mi="8" ci="0" mb="0" cb="0"/><line nr="118" mi="3" ci="0" mb="0" cb="0"/><line nr="120" mi="1" ci="0" mb="0" cb="0"/><line nr="126" mi="3" ci="0" mb="2" cb="0"/><line nr="127" mi="19" ci="0" mb="0" cb="0"/><line nr="128" mi="28" ci="0" mb="0" cb="0"/><line nr="129" mi="5" ci="0" mb="0" cb="0"/><line nr="130" mi="5" ci="0" mb="0" cb="0"/><line nr="132" mi="6" ci="0" mb="0" cb="0"/><line nr="134" mi="3" ci="0" mb="0" cb="0"/><line nr="135" mi="3" ci="0" mb="0" cb="0"/><line nr="137" mi="1" ci="0" mb="0" cb="0"/><line nr="138" mi="15" ci="0" mb="0" cb="0"/><line nr="140" mi="8" ci="0" mb="0" cb="0"/><line nr="141" mi="1" ci="0" mb="0" cb="0"/><line nr="150" mi="4" ci="0" mb="2" cb="0"/><line nr="151" mi="8" ci="0" mb="0" cb="0"/><line nr="152" mi="3" ci="0" mb="0" cb="0"/><line nr="155" mi="3" ci="0" mb="0" cb="0"/><line nr="156" mi="3" ci="0" mb="0" cb="0"/><line nr="157" mi="14" ci="0" mb="2" cb="0"/><line nr="158" mi="10" ci="0" mb="0" cb="0"/><line nr="167" mi="14" ci="0" mb="2" cb="0"/><line nr="168" mi="12" ci="0" mb="0" cb="0"/><line nr="176" mi="3" ci="0" mb="2" cb="0"/><line nr="177" mi="3" ci="0" mb="0" cb="0"/><line nr="179" mi="3" ci="0" mb="2" cb="0"/><line nr="180" mi="3" ci="0" mb="0" cb="0"/><line nr="182" mi="1" ci="0" mb="0" cb="0"/><counter type="INSTRUCTION" missed="327" covered="0"/><counter type="BRANCH" missed="16" covered="0"/><counter type="LINE" missed="63" covered="0"/><counter type="COMPLEXITY" missed="19" covered="0"/><counter type="METHOD" missed="11" covered="0"/><counter type="CLASS" missed="1" covered="0"/></sourcefile><counter type="INSTRUCTION" missed="634" covered="166"/><counter type="BRANCH" missed="31" covered="3"/><counter type="LINE" missed="118" covered="26"/><counter type="COMPLEXITY" missed="51" covered="9"/><counter type="METHOD" missed="35" covered="8"/><counter type="CLASS" missed="4" covered="2"/></package><counter type="INSTRUCTION" missed="22471" covered="11805"/><counter type="BRANCH" missed="2039" covered="963"/><counter type="LINE" missed="3619" covered="2272"/><counter type="COMPLEXITY" missed="1982" covered="780"/><counter type="METHOD" missed="799" covered="403"/><counter type="CLASS" missed="27" covered="57"/></report>