GROUP,PACKAGE,CLASS,INSTRUCTION_MISSED,INSTRUCTION_COVERED,BRANCH_MISSED,BRANCH_COVERED,LINE_MISSED,LINE_COVERED,COMPLEXITY_MISSED,COMPLEXITY_COVERED,METHOD_MISSED,METHOD_COVERED
Hadoop Arrow Flight SQL Server,net.surpin.data.arrowflight.client.spark.read,FlightInputPartition,0,15,0,0,0,5,0,3,0,3
Hadoop Arrow Flight SQL Server,net.surpin.data.arrowflight.client.spark.read,FlightPartitionReaderFactory,69,101,22,19,16,21,20,9,2,4
Hadoop Arrow Flight SQL Server,net.surpin.data.arrowflight.client.spark.read,FlightInputPartition.FlightQueryInputPartition,3,7,0,0,1,3,1,1,1,1
Hadoop Arrow Flight SQL Server,net.surpin.data.arrowflight.client.spark.read,FlightPartitionReader,1238,0,171,0,299,0,106,0,18,0
Hadoop Arrow Flight SQL Server,net.surpin.data.arrowflight.client.spark.read,FlightBatch,112,0,2,0,16,0,9,0,8,0
Hadoop Arrow Flight SQL Server,net.surpin.data.arrowflight.client.spark.read,FlightScan,41,0,0,0,10,0,5,0,5,0
Hadoop Arrow Flight SQL Server,net.surpin.data.arrowflight.client.spark.read,FlightColumnarPartitionReader,197,0,26,0,47,0,20,0,7,0
Hadoop Arrow Flight SQL Server,net.surpin.data.arrowflight.client.spark.read,FlightColumnarPartitionReader.FlightOwnedColumnarBatch,6,0,0,0,3,0,2,0,2,0
Hadoop Arrow Flight SQL Server,net.surpin.data.arrowflight.client.spark.read,FlightArrowColumnVector,423,0,91,0,79,0,74,0,22,0
Hadoop Arrow Flight SQL Server,net.surpin.data.arrowflight.client.spark.read,FlightInputPartition.FlightEndpointInputPartition,10,0,0,0,4,0,2,0,2,0
Hadoop Arrow Flight SQL Server,net.surpin.data.arrowflight.client.spark.read,FlightScanBuilder,68,424,10,38,13,79,12,26,2,12
Hadoop Arrow Flight SQL Server,net.surpin.data.arrowflight.server.adapters,HostUtils,2,82,3,15,1,23,3,8,0,2
Hadoop Arrow Flight SQL Server,net.surpin.data.arrowflight.server.adapters,DuckDbAdapter,466,548,87,69,106,110,59,48,9,15
Hadoop Arrow Flight SQL Server,net.surpin.data.arrowflight.server.adapters,HazelcastAdapter,110,4,2,0,27,1,9,1,8,1
Hadoop Arrow Flight SQL Server,net.surpin.data.arrowflight.server.adapters,AceroAdapter.RegisteredArrowStreams,122,0,10,0,40,0,10,0,5,0
Hadoop Arrow Flight SQL Server,net.surpin.data.arrowflight.server.adapters,FilterConverter.1.new ScalarFunctionConverter() {...},12,102,2,10,1,13,3,7,1,3
Hadoop Arrow Flight SQL Server,net.surpin.data.arrowflight.server.adapters,SchemaConverter.TypeInfo,121,157,0,0,20,4,1,2,1,2
Hadoop Arrow Flight SQL Server,net.surpin.data.arrowflight.server.adapters,ParquetAdapter,476,414,55,17,93,98,44,27,14,21
Hadoop Arrow Flight SQL Server,net.surpin.data.arrowflight.server.adapters,SchemaConverter,278,835,35,51,32,78,26,35,0,9
Hadoop Arrow Flight SQL Server,net.surpin.data.arrowflight.server.adapters,FlightSqlProducer,812,0,58,0,216,0,51,0,22,0
Hadoop Arrow Flight SQL Server,net.surpin.data.arrowflight.server.adapters,AceroAdapter,458,0,32,0,114,0,24,0,8,0
Hadoop Arrow Flight SQL Server,net.surpin.data.arrowflight.server.adapters,DuckDbAdapter.new InputFile() {...},22,0,0,0,3,0,3,0,3,0
Hadoop Arrow Flight SQL Server,net.surpin.data.arrowflight.server.adapters,DuckDbAdapter.new InputFile() {...},22,0,0,0,3,0,3,0,3,0
Hadoop Arrow Flight SQL Server,net.surpin.data.arrowflight.server.adapters,ConfigAdapter,35,421,24,52,7,80,23,24,0,9
Hadoop Arrow Flight SQL Server,net.surpin.data.arrowflight.server.adapters,FilterConverter.new ConverterProvider() {...},0,28,0,0,0,5,0,2,0,2
Hadoop Arrow Flight SQL Server,net.surpin.data.arrowflight.server.adapters,ParquetAdapter.new InputFile() {...},23,0,0,0,3,0,3,0,3,0
Hadoop Arrow Flight SQL Server,net.surpin.data.arrowflight.server.adapters,FilterConverter,34,66,6,4,8,20,4,5,0,4
Hadoop Arrow Flight SQL Server,net.surpin.data.arrowflight.client,Client,1138,0,116,0,198,0,97,0,39,0
Hadoop Arrow Flight SQL Server,net.surpin.data.arrowflight.client,Configuration,143,251,7,15,48,47,29,14,24,8
Hadoop Arrow Flight SQL Server,net.surpin.data.arrowflight.client.query,QueryEndpoints,6,17,0,0,2,6,2,2,2,2
Hadoop Arrow Flight SQL Server,net.surpin.data.arrowflight.client.query,Endpoint,6,62,1,3,2,14,3,3,2,2
Hadoop Arrow Flight SQL Server,net.surpin.data.arrowflight.client.query,QueryStatement,4,118,2,26,0,14,2,15,0,3
Hadoop Arrow Flight SQL Server,net.surpin.data.arrowflight.client.query,PushAggregation,0,25,0,0,0,10,0,4,0,4
Hadoop Arrow Flight SQL Server,net.surpin.data.arrowflight.client.spark,FlightSessionCatalog,153,0,14,0,31,0,12,0,5,0
Hadoop Arrow Flight SQL Server,net.surpin.data.arrowflight.client.spark,FlightTable,340,0,22,0,41,0,34,0,23,0
Hadoop Arrow Flight SQL Server,net.surpin.data.arrowflight.client.spark,FlightSource,265,0,28,0,45,0,21,0,7,0
Hadoop Arrow Flight SQL Server,net.surpin.data.arrowflight.client.spark,FlightRelation.FlightRowIterator,99,0,14,0,32,0,13,0,6,0
Hadoop Arrow Flight SQL Server,net.surpin.data.arrowflight.client.spark,FlightRelation,257,0,20,0,56,0,27,0,17,0
Hadoop Arrow Flight SQL Server,net.surpin.data.arrowflight.server.model,HandleState,0,31,0,0,0,3,0,3,0,3
Hadoop Arrow Flight SQL Server,net.surpin.data.arrowflight.server.model,AppConfig,0,69,0,0,0,1,0,1,0,1
Hadoop Arrow Flight SQL Server,net.surpin.data.arrowflight.server.model,FileAssignment,0,9,0,0,0,1,0,1,0,1
Hadoop Arrow Flight SQL Server,net.surpin.data.arrowflight.client.write,WriteProtocol,0,15,0,0,0,3,0,1,0,1
Hadoop Arrow Flight SQL Server,net.surpin.data.arrowflight.client.write,PartitionBehavior.Bound,12,91,1,1,0,8,1,5,0,5
Hadoop Arrow Flight SQL Server,net.surpin.data.arrowflight.client.write,WriteStatement,5439,208,165,13,214,51,278,12,195,6
Hadoop Arrow Flight SQL Server,net.surpin.data.arrowflight.client.write,WriteBehavior,9,49,0,6,3,13,3,7,3,4
Hadoop Arrow Flight SQL Server,net.surpin.data.arrowflight.client.write,PartitionBehavior,10,487,15,33,4,46,14,32,0,22
Hadoop Arrow Flight SQL Server,net.surpin.data.arrowflight.server.services,MetadataService,663,554,52,29,134,128,56,33,25,22
Hadoop Arrow Flight SQL Server,net.surpin.data.arrowflight.server.services,ExecutionService,2268,416,313,70,451,89,198,43,30,14
Hadoop Arrow Flight SQL Server,net.surpin.data.arrowflight.server.services,ParquetQueryParser.JoinTable,0,12,0,0,0,1,0,1,0,1
Hadoop Arrow Flight SQL Server,net.surpin.data.arrowflight.server.services,ParquetQueryParser.SelectExpr,0,12,0,0,0,5,0,1,0,1
Hadoop Arrow Flight SQL Server,net.surpin.data.arrowflight.server.services,ParquetQueryParser.SelectExpr.AggFunc,0,39,0,0,0,1,0,1,0,1
Hadoop Arrow Flight SQL Server,net.surpin.data.arrowflight.server.services,ParquetQueryParser,55,861,16,78,16,192,19,44,4,12
Hadoop Arrow Flight SQL Server,net.surpin.data.arrowflight.server.services,QueryPlanner,461,296,50,24,86,58,33,22,6,12
Hadoop Arrow Flight SQL Server,net.surpin.data.arrowflight.server.services,ClusterService,201,258,21,9,41,57,19,17,7,14
Hadoop Arrow Flight SQL Server,net.surpin.data.arrowflight.server.services,AceroFileResolver,95,296,16,22,15,60,16,14,1,10
Hadoop Arrow Flight SQL Server,net.surpin.data.arrowflight.client.model,FieldType.ListType,0,21,0,0,0,8,0,4,0,4
Hadoop Arrow Flight SQL Server,net.surpin.data.arrowflight.client.model,RowSet.Row,0,20,0,0,0,6,0,3,0,3
Hadoop Arrow Flight SQL Server,net.surpin.data.arrowflight.client.model,Table,376,667,47,79,51,114,44,57,13,25
Hadoop Arrow Flight SQL Server,net.surpin.data.arrowflight.client.model,Field,25,61,1,5,2,15,4,9,3,7
Hadoop Arrow Flight SQL Server,net.surpin.data.arrowflight.client.model,FieldType.BinaryType,0,10,0,0,0,4,0,2,0,2
Hadoop Arrow Flight SQL Server,net.surpin.data.arrowflight.client.model,FieldType.DecimalType,0,16,0,0,0,6,0,3,0,3
Hadoop Arrow Flight SQL Server,net.surpin.data.arrowflight.client.model,FieldType.MapType,0,16,0,0,0,6,0,3,0,3
Hadoop Arrow Flight SQL Server,net.surpin.data.arrowflight.client.model,FieldVector,25,0,0,0,7,0,4,0,4,0
Hadoop Arrow Flight SQL Server,net.surpin.data.arrowflight.client.model,FieldType,88,517,23,75,7,85,16,63,0,13
Hadoop Arrow Flight SQL Server,net.surpin.data.arrowflight.client.model,FieldType.IDs,0,135,0,0,0,23,0,1,0,1
Hadoop Arrow Flight SQL Server,net.surpin.data.arrowflight.client.model,FieldType.UnionType,0,4,0,0,0,2,0,1,0,1
Hadoop Arrow Flight SQL Server,net.surpin.data.arrowflight.client.model,ArrowConversion,6535,620,473,2,542,195,505,8,263,7
Hadoop Arrow Flight SQL Server,net.surpin.data.arrowflight.client.model,FieldType.StructType,0,10,0,0,0,4,0,2,0,2
Hadoop Arrow Flight SQL Server,net.surpin.data.arrowflight.client.model,RowSet,3,41,0,2,1,11,1,5,1,4
Hadoop Arrow Flight SQL Server,net.surpin.data.arrowflight.server,DaggerServerComponent.Builder,17,0,0,0,4,0,2,0,2,0
Hadoop Arrow Flight SQL Server,net.surpin.data.arrowflight.server,HadoopArrowFlightServer.new MembershipAdapter() {...},19,0,0,0,5,0,2,0,2,0
Hadoop Arrow Flight SQL Server,net.surpin.data.arrowflight.server,DaggerServerComponent.ServerComponentImpl,149,0,0,0,22,0,5,0,5,0
Hadoop Arrow Flight SQL Server,net.surpin.data.arrowflight.server,ServerModule,211,0,6,0,49,0,20,0,17,0
Hadoop Arrow Flight SQL Server,net.surpin.data.arrowflight.server,HadoopArrowFlightServer,378,129,21,17,92,29,20,10,6,5
Hadoop Arrow Flight SQL Server,net.surpin.data.arrowflight.debug,SparkArrowClientBenchmark,1324,0,58,0,249,0,50,0,21,0
Hadoop Arrow Flight SQL Server,net.surpin.data.arrowflight.debug,SparkArrowClientBenchmark.new Record() {...},15,0,0,0,1,0,1,0,1,0
Hadoop Arrow Flight SQL Server,net.surpin.data.arrowflight.debug,FlightSqlClientCLI,442,0,14,0,90,0,28,0,17,0
Hadoop Arrow Flight SQL Server,net.surpin.data.arrowflight.debug,DataGenerator,365,0,2,0,62,0,3,0,2,0
Hadoop Arrow Flight SQL Server,net.surpin.data.arrowflight.debug,SparkArrowClientBenchmark.new SimpleFileVisitor() {...},17,0,0,0,3,0,2,0,2,0
Hadoop Arrow Flight SQL Server,net.surpin.data.arrowflight.client.spark.write,FlightDataWriter,327,0,16,0,63,0,19,0,11,0
Hadoop Arrow Flight SQL Server,net.surpin.data.arrowflight.client.spark.write,FlightDataWriterFactory,110,0,6,0,18,0,7,0,4,0
Hadoop Arrow Flight SQL Server,net.surpin.data.arrowflight.client.spark.write,FlightWriteBuilder,32,0,0,0,9,0,3,0,3,0
Hadoop Arrow Flight SQL Server,net.surpin.data.arrowflight.client.spark.write,FlightWriterCommitMessage,0,107,1,3,0,20,1,5,0,4
Hadoop Arrow Flight SQL Server,net.surpin.data.arrowflight.client.spark.write,FlightWrite,165,0,8,0,28,0,21,0,17,0
Hadoop Arrow Flight SQL Server,net.surpin.data.arrowflight.client.spark.write,FlightWriteAbortException,0,59,0,0,0,6,0,4,0,4
